2026-03-19 07:46:12,218 - ExfiltrationDetector.exfil_20260319_074612 - INFO - [TOOL] ExfiltrationDetector initialized with ID: exfil_20260319_074612
2026-03-19 07:46:12,220 - ExfiltrationDetector.exfil_20260319_074612 - INFO - [LOAD] Loaded 346 packets for exfiltration analysis
2026-03-19 07:46:12,223 - ExfiltrationDetector.exfil_20260319_074612 - INFO - [DETECT] Starting exfiltration detection...
2026-03-19 07:46:12,225 - ExfiltrationDetector.exfil_20260319_074612 - INFO - [FLOWS] Building flow statistics...
2026-03-19 07:46:12,228 - ExfiltrationDetector.exfil_20260319_074612 - INFO - [TRANSFER] Checking for large data transfers...
2026-03-19 07:46:12,228 - ExfiltrationDetector.exfil_20260319_074612 - INFO - [DEST] Checking for unusual destinations...
2026-03-19 07:46:12,229 - ExfiltrationDetector.exfil_20260319_074612 - INFO - [RATE] Analyzing data transfer rates...
2026-03-19 07:46:12,230 - ExfiltrationDetector.exfil_20260319_074612 - INFO - [DNS] Checking for DNS exfiltration...
2026-03-19 07:46:12,231 - ExfiltrationDetector.exfil_20260319_074612 - INFO - [DNS] Found 6 potential DNS flows
2026-03-19 07:46:12,233 - ExfiltrationDetector.exfil_20260319_074612 - DEBUG - [DNS] No suspicious DNS flows detected
2026-03-19 07:46:12,233 - ExfiltrationDetector.exfil_20260319_074612 - INFO - [ICMP] Checking for ICMP exfiltration...
2026-03-19 07:46:12,234 - ExfiltrationDetector.exfil_20260319_074612 - INFO - [HTTP] Checking for HTTP exfiltration...
2026-03-19 07:46:12,235 - ExfiltrationDetector.exfil_20260319_074612 - INFO - [COVERT] Checking for covert channels...
2026-03-19 07:46:12,237 - ExfiltrationDetector.exfil_20260319_074612 - INFO - [TIMING] Checking for timing channels...
2026-03-19 07:46:12,243 - ExfiltrationDetector.exfil_20260319_074612 - INFO - [STEGO] Checking for steganography...
2026-03-19 07:46:12,245 - ExfiltrationDetector.exfil_20260319_074612 - INFO - [PROTO] Checking for unusual protocols...
2026-03-19 07:46:12,246 - ExfiltrationDetector.exfil_20260319_074612 - INFO - [SIZE] Analyzing packet size patterns...
2026-03-19 07:46:12,247 - ExfiltrationDetector.exfil_20260319_074612 - INFO - [COMPLETE] Exfiltration detection completed in 0.02s
2026-03-19 07:46:12,249 - ExfiltrationDetector.exfil_20260319_074612 - INFO -            Alerts generated: 2
2026-03-19 07:46:12,249 - ExfiltrationDetector.exfil_20260319_074612 - INFO -            Suspicious flows: 0
2026-03-19 07:46:12,254 - ExfiltrationDetector.exfil_20260319_074612 - INFO - [REPORT] JSON report saved to: output/exfiltration/exfil_20260319_074612.json
2026-03-19 07:46:12,256 - ExfiltrationDetector.exfil_20260319_074612 - INFO - [CLEAN] Exfiltration detector cleaned up
