2026-03-19 08:31:32,706 - ExfiltrationDetector.exfil_20260319_083132 - INFO - [TOOL] ExfiltrationDetector initialized with ID: exfil_20260319_083132
2026-03-19 08:31:32,709 - ExfiltrationDetector.exfil_20260319_083132 - INFO - [LOAD] Loaded 140 packets for exfiltration analysis
2026-03-19 08:31:32,710 - ExfiltrationDetector.exfil_20260319_083132 - INFO - [DETECT] Starting exfiltration detection...
2026-03-19 08:31:32,718 - ExfiltrationDetector.exfil_20260319_083132 - INFO - [FLOWS] Building flow statistics...
2026-03-19 08:31:32,735 - ExfiltrationDetector.exfil_20260319_083132 - INFO - [TRANSFER] Checking for large data transfers...
2026-03-19 08:31:32,737 - ExfiltrationDetector.exfil_20260319_083132 - INFO - [DEST] Checking for unusual destinations...
2026-03-19 08:31:32,738 - ExfiltrationDetector.exfil_20260319_083132 - INFO - [RATE] Analyzing data transfer rates...
2026-03-19 08:31:32,739 - ExfiltrationDetector.exfil_20260319_083132 - INFO - [DNS] Checking for DNS exfiltration...
2026-03-19 08:31:32,740 - ExfiltrationDetector.exfil_20260319_083132 - INFO - [DNS] Found 2 potential DNS flows
2026-03-19 08:31:32,743 - ExfiltrationDetector.exfil_20260319_083132 - DEBUG - [DNS] No suspicious DNS flows detected
2026-03-19 08:31:32,744 - ExfiltrationDetector.exfil_20260319_083132 - INFO - [ICMP] Checking for ICMP exfiltration...
2026-03-19 08:31:32,751 - ExfiltrationDetector.exfil_20260319_083132 - INFO - [HTTP] Checking for HTTP exfiltration...
2026-03-19 08:31:32,752 - ExfiltrationDetector.exfil_20260319_083132 - INFO - [COVERT] Checking for covert channels...
2026-03-19 08:31:32,752 - ExfiltrationDetector.exfil_20260319_083132 - INFO - [TIMING] Checking for timing channels...
2026-03-19 08:31:32,753 - ExfiltrationDetector.exfil_20260319_083132 - INFO - [STEGO] Checking for steganography...
2026-03-19 08:31:32,754 - ExfiltrationDetector.exfil_20260319_083132 - INFO - [PROTO] Checking for unusual protocols...
2026-03-19 08:31:32,754 - ExfiltrationDetector.exfil_20260319_083132 - INFO - [SIZE] Analyzing packet size patterns...
2026-03-19 08:31:32,755 - ExfiltrationDetector.exfil_20260319_083132 - INFO - [COMPLETE] Exfiltration detection completed in 0.04s
2026-03-19 08:31:32,755 - ExfiltrationDetector.exfil_20260319_083132 - INFO -            Alerts generated: 2
2026-03-19 08:31:32,758 - ExfiltrationDetector.exfil_20260319_083132 - INFO -            Suspicious flows: 0
2026-03-19 08:31:32,766 - ExfiltrationDetector.exfil_20260319_083132 - INFO - [REPORT] JSON report saved to: output/exfiltration/exfil_20260319_083132.json
2026-03-19 08:31:32,770 - ExfiltrationDetector.exfil_20260319_083132 - INFO - [CLEAN] Exfiltration detector cleaned up
