2026-03-19 07:32:27,159 - ExfiltrationDetector.exfil_20260319_073227 - INFO - [TOOL] ExfiltrationDetector initialized with ID: exfil_20260319_073227
2026-03-19 07:32:27,162 - ExfiltrationDetector.exfil_20260319_073227 - INFO - [LOAD] Loaded 580 packets for exfiltration analysis
2026-03-19 07:32:27,164 - ExfiltrationDetector.exfil_20260319_073227 - INFO - [DETECT] Starting exfiltration detection...
2026-03-19 07:32:27,176 - ExfiltrationDetector.exfil_20260319_073227 - INFO - [FLOWS] Building flow statistics...
2026-03-19 07:32:27,183 - ExfiltrationDetector.exfil_20260319_073227 - INFO - [TRANSFER] Checking for large data transfers...
2026-03-19 07:32:27,194 - ExfiltrationDetector.exfil_20260319_073227 - INFO - [DEST] Checking for unusual destinations...
2026-03-19 07:32:27,195 - ExfiltrationDetector.exfil_20260319_073227 - INFO - [RATE] Analyzing data transfer rates...
2026-03-19 07:32:27,201 - ExfiltrationDetector.exfil_20260319_073227 - INFO - [DNS] Checking for DNS exfiltration...
2026-03-19 07:32:27,205 - ExfiltrationDetector.exfil_20260319_073227 - INFO - [DNS] Found 6 potential DNS flows
2026-03-19 07:32:27,206 - ExfiltrationDetector.exfil_20260319_073227 - DEBUG - [DNS] No suspicious DNS flows detected
2026-03-19 07:32:27,206 - ExfiltrationDetector.exfil_20260319_073227 - INFO - [ICMP] Checking for ICMP exfiltration...
2026-03-19 07:32:27,206 - ExfiltrationDetector.exfil_20260319_073227 - INFO - [HTTP] Checking for HTTP exfiltration...
2026-03-19 07:32:27,207 - ExfiltrationDetector.exfil_20260319_073227 - INFO - [COVERT] Checking for covert channels...
2026-03-19 07:32:27,208 - ExfiltrationDetector.exfil_20260319_073227 - INFO - [TIMING] Checking for timing channels...
2026-03-19 07:32:27,211 - ExfiltrationDetector.exfil_20260319_073227 - INFO - [STEGO] Checking for steganography...
2026-03-19 07:32:27,212 - ExfiltrationDetector.exfil_20260319_073227 - INFO - [PROTO] Checking for unusual protocols...
2026-03-19 07:32:27,214 - ExfiltrationDetector.exfil_20260319_073227 - INFO - [SIZE] Analyzing packet size patterns...
2026-03-19 07:32:27,222 - ExfiltrationDetector.exfil_20260319_073227 - INFO - [COMPLETE] Exfiltration detection completed in 0.05s
2026-03-19 07:32:27,223 - ExfiltrationDetector.exfil_20260319_073227 - INFO -            Alerts generated: 4
2026-03-19 07:32:27,223 - ExfiltrationDetector.exfil_20260319_073227 - INFO -            Suspicious flows: 1
2026-03-19 07:32:27,226 - ExfiltrationDetector.exfil_20260319_073227 - INFO - [REPORT] JSON report saved to: output/exfiltration/exfil_20260319_073227.json
2026-03-19 07:32:27,229 - ExfiltrationDetector.exfil_20260319_073227 - INFO - [CLEAN] Exfiltration detector cleaned up
