2026-03-19 07:59:49,169 - ExfiltrationDetector.exfil_20260319_075949 - INFO - [TOOL] ExfiltrationDetector initialized with ID: exfil_20260319_075949
2026-03-19 07:59:49,171 - ExfiltrationDetector.exfil_20260319_075949 - INFO - [LOAD] Loaded 332 packets for exfiltration analysis
2026-03-19 07:59:49,178 - ExfiltrationDetector.exfil_20260319_075949 - INFO - [DETECT] Starting exfiltration detection...
2026-03-19 07:59:49,182 - ExfiltrationDetector.exfil_20260319_075949 - INFO - [FLOWS] Building flow statistics...
2026-03-19 07:59:49,189 - ExfiltrationDetector.exfil_20260319_075949 - INFO - [TRANSFER] Checking for large data transfers...
2026-03-19 07:59:49,198 - ExfiltrationDetector.exfil_20260319_075949 - INFO - [DEST] Checking for unusual destinations...
2026-03-19 07:59:49,199 - ExfiltrationDetector.exfil_20260319_075949 - INFO - [RATE] Analyzing data transfer rates...
2026-03-19 07:59:49,201 - ExfiltrationDetector.exfil_20260319_075949 - INFO - [DNS] Checking for DNS exfiltration...
2026-03-19 07:59:49,204 - ExfiltrationDetector.exfil_20260319_075949 - INFO - [DNS] Found 7 potential DNS flows
2026-03-19 07:59:49,204 - ExfiltrationDetector.exfil_20260319_075949 - DEBUG - [DNS] No suspicious DNS flows detected
2026-03-19 07:59:49,205 - ExfiltrationDetector.exfil_20260319_075949 - INFO - [ICMP] Checking for ICMP exfiltration...
2026-03-19 07:59:49,205 - ExfiltrationDetector.exfil_20260319_075949 - INFO - [HTTP] Checking for HTTP exfiltration...
2026-03-19 07:59:49,206 - ExfiltrationDetector.exfil_20260319_075949 - INFO - [COVERT] Checking for covert channels...
2026-03-19 07:59:49,206 - ExfiltrationDetector.exfil_20260319_075949 - INFO - [TIMING] Checking for timing channels...
2026-03-19 07:59:49,213 - ExfiltrationDetector.exfil_20260319_075949 - INFO - [STEGO] Checking for steganography...
2026-03-19 07:59:49,214 - ExfiltrationDetector.exfil_20260319_075949 - INFO - [PROTO] Checking for unusual protocols...
2026-03-19 07:59:49,215 - ExfiltrationDetector.exfil_20260319_075949 - INFO - [SIZE] Analyzing packet size patterns...
2026-03-19 07:59:49,216 - ExfiltrationDetector.exfil_20260319_075949 - INFO - [COMPLETE] Exfiltration detection completed in 0.03s
2026-03-19 07:59:49,217 - ExfiltrationDetector.exfil_20260319_075949 - INFO -            Alerts generated: 2
2026-03-19 07:59:49,218 - ExfiltrationDetector.exfil_20260319_075949 - INFO -            Suspicious flows: 0
2026-03-19 07:59:49,221 - ExfiltrationDetector.exfil_20260319_075949 - INFO - [REPORT] JSON report saved to: output/exfiltration/exfil_20260319_075949.json
2026-03-19 07:59:49,222 - ExfiltrationDetector.exfil_20260319_075949 - INFO - [CLEAN] Exfiltration detector cleaned up
