2026-03-18 05:46:24,159 - ExfiltrationDetector.exfil_20260318_054624 - INFO - [TOOL] ExfiltrationDetector initialized with ID: exfil_20260318_054624
2026-03-18 05:46:24,161 - ExfiltrationDetector.exfil_20260318_054624 - INFO - [LOAD] Loaded 105 packets for exfiltration analysis
2026-03-18 05:46:24,162 - ExfiltrationDetector.exfil_20260318_054624 - INFO - [DETECT] Starting exfiltration detection...
2026-03-18 05:46:24,162 - ExfiltrationDetector.exfil_20260318_054624 - INFO - [FLOWS] Building flow statistics...
2026-03-18 05:46:24,164 - ExfiltrationDetector.exfil_20260318_054624 - INFO - [TRANSFER] Checking for large data transfers...
2026-03-18 05:46:24,165 - ExfiltrationDetector.exfil_20260318_054624 - INFO - [DEST] Checking for unusual destinations...
2026-03-18 05:46:24,166 - ExfiltrationDetector.exfil_20260318_054624 - INFO - [RATE] Analyzing data transfer rates...
2026-03-18 05:46:24,168 - ExfiltrationDetector.exfil_20260318_054624 - INFO - [DNS] Checking for DNS exfiltration...
2026-03-18 05:46:24,170 - ExfiltrationDetector.exfil_20260318_054624 - INFO - [DNS] Found 1 potential DNS flows
2026-03-18 05:46:24,171 - ExfiltrationDetector.exfil_20260318_054624 - INFO - [DNS] Suspicious flow: UDP_192.168.1.100:12345->8.8.8.8:53 - high_query_volume
2026-03-18 05:46:24,171 - ExfiltrationDetector.exfil_20260318_054624 - INFO - [ICMP] Checking for ICMP exfiltration...
2026-03-18 05:46:24,173 - ExfiltrationDetector.exfil_20260318_054624 - INFO - [HTTP] Checking for HTTP exfiltration...
2026-03-18 05:46:24,173 - ExfiltrationDetector.exfil_20260318_054624 - INFO - [COVERT] Checking for covert channels...
2026-03-18 05:46:24,174 - ExfiltrationDetector.exfil_20260318_054624 - INFO - [TIMING] Checking for timing channels...
2026-03-18 05:46:24,176 - ExfiltrationDetector.exfil_20260318_054624 - INFO - [STEGO] Checking for steganography...
2026-03-18 05:46:24,177 - ExfiltrationDetector.exfil_20260318_054624 - INFO - [PROTO] Checking for unusual protocols...
2026-03-18 05:46:24,178 - ExfiltrationDetector.exfil_20260318_054624 - INFO - [SIZE] Analyzing packet size patterns...
2026-03-18 05:46:24,179 - ExfiltrationDetector.exfil_20260318_054624 - INFO - [COMPLETE] Exfiltration detection completed in 0.02s
2026-03-18 05:46:24,180 - ExfiltrationDetector.exfil_20260318_054624 - INFO -            Alerts generated: 8
2026-03-18 05:46:24,181 - ExfiltrationDetector.exfil_20260318_054624 - INFO -            Suspicious flows: 3
2026-03-18 05:46:24,199 - ExfiltrationDetector.exfil_20260318_054624 - INFO - [REPORT] Text report saved to: output/exfiltration/exfil_20260318_054624.json
