2026-03-19 10:20:53,934 - ExfiltrationDetector.exfil_20260319_102053 - INFO - [TOOL] ExfiltrationDetector initialized with ID: exfil_20260319_102053
2026-03-19 10:20:53,937 - ExfiltrationDetector.exfil_20260319_102053 - INFO - [LOAD] Loaded 319 packets for exfiltration analysis
2026-03-19 10:20:53,939 - ExfiltrationDetector.exfil_20260319_102053 - INFO - [DETECT] Starting exfiltration detection...
2026-03-19 10:20:53,940 - ExfiltrationDetector.exfil_20260319_102053 - INFO - [FLOWS] Building flow statistics...
2026-03-19 10:20:53,944 - ExfiltrationDetector.exfil_20260319_102053 - INFO - [TRANSFER] Checking for large data transfers...
2026-03-19 10:20:53,945 - ExfiltrationDetector.exfil_20260319_102053 - INFO - [DEST] Checking for unusual destinations...
2026-03-19 10:20:53,946 - ExfiltrationDetector.exfil_20260319_102053 - INFO - [RATE] Analyzing data transfer rates...
2026-03-19 10:20:53,947 - ExfiltrationDetector.exfil_20260319_102053 - INFO - [DNS] Checking for DNS exfiltration...
2026-03-19 10:20:53,949 - ExfiltrationDetector.exfil_20260319_102053 - INFO - [DNS] Found 6 potential DNS flows
2026-03-19 10:20:53,952 - ExfiltrationDetector.exfil_20260319_102053 - DEBUG - [DNS] No suspicious DNS flows detected
2026-03-19 10:20:53,952 - ExfiltrationDetector.exfil_20260319_102053 - INFO - [ICMP] Checking for ICMP exfiltration...
2026-03-19 10:20:53,953 - ExfiltrationDetector.exfil_20260319_102053 - INFO - [HTTP] Checking for HTTP exfiltration...
2026-03-19 10:20:53,953 - ExfiltrationDetector.exfil_20260319_102053 - INFO - [COVERT] Checking for covert channels...
2026-03-19 10:20:53,954 - ExfiltrationDetector.exfil_20260319_102053 - INFO - [TIMING] Checking for timing channels...
2026-03-19 10:20:53,956 - ExfiltrationDetector.exfil_20260319_102053 - INFO - [STEGO] Checking for steganography...
2026-03-19 10:20:53,957 - ExfiltrationDetector.exfil_20260319_102053 - INFO - [PROTO] Checking for unusual protocols...
2026-03-19 10:20:53,958 - ExfiltrationDetector.exfil_20260319_102053 - INFO - [SIZE] Analyzing packet size patterns...
2026-03-19 10:20:53,959 - ExfiltrationDetector.exfil_20260319_102053 - INFO - [COMPLETE] Exfiltration detection completed in 0.02s
2026-03-19 10:20:53,960 - ExfiltrationDetector.exfil_20260319_102053 - INFO -            Alerts generated: 2
2026-03-19 10:20:53,961 - ExfiltrationDetector.exfil_20260319_102053 - INFO -            Suspicious flows: 0
2026-03-19 10:20:53,963 - ExfiltrationDetector.exfil_20260319_102053 - INFO - [REPORT] JSON report saved to: output/exfiltration/exfil_20260319_102053.json
2026-03-19 10:20:53,971 - ExfiltrationDetector.exfil_20260319_102053 - INFO - [CLEAN] Exfiltration detector cleaned up
