2026-03-19 10:25:38,347 - ExfiltrationDetector.exfil_20260319_102538 - INFO - [TOOL] ExfiltrationDetector initialized with ID: exfil_20260319_102538
2026-03-19 10:25:38,351 - ExfiltrationDetector.exfil_20260319_102538 - INFO - [LOAD] Loaded 621 packets for exfiltration analysis
2026-03-19 10:25:38,357 - ExfiltrationDetector.exfil_20260319_102538 - INFO - [DETECT] Starting exfiltration detection...
2026-03-19 10:25:38,358 - ExfiltrationDetector.exfil_20260319_102538 - INFO - [FLOWS] Building flow statistics...
2026-03-19 10:25:38,361 - ExfiltrationDetector.exfil_20260319_102538 - INFO - [TRANSFER] Checking for large data transfers...
2026-03-19 10:25:38,362 - ExfiltrationDetector.exfil_20260319_102538 - INFO - [DEST] Checking for unusual destinations...
2026-03-19 10:25:38,364 - ExfiltrationDetector.exfil_20260319_102538 - INFO - [RATE] Analyzing data transfer rates...
2026-03-19 10:25:38,366 - ExfiltrationDetector.exfil_20260319_102538 - INFO - [DNS] Checking for DNS exfiltration...
2026-03-19 10:25:38,366 - ExfiltrationDetector.exfil_20260319_102538 - INFO - [DNS] Found 4 potential DNS flows
2026-03-19 10:25:38,367 - ExfiltrationDetector.exfil_20260319_102538 - DEBUG - [DNS] No suspicious DNS flows detected
2026-03-19 10:25:38,367 - ExfiltrationDetector.exfil_20260319_102538 - INFO - [ICMP] Checking for ICMP exfiltration...
2026-03-19 10:25:38,368 - ExfiltrationDetector.exfil_20260319_102538 - INFO - [HTTP] Checking for HTTP exfiltration...
2026-03-19 10:25:38,368 - ExfiltrationDetector.exfil_20260319_102538 - INFO - [COVERT] Checking for covert channels...
2026-03-19 10:25:38,369 - ExfiltrationDetector.exfil_20260319_102538 - INFO - [TIMING] Checking for timing channels...
2026-03-19 10:25:38,376 - ExfiltrationDetector.exfil_20260319_102538 - INFO - [STEGO] Checking for steganography...
2026-03-19 10:25:38,378 - ExfiltrationDetector.exfil_20260319_102538 - INFO - [PROTO] Checking for unusual protocols...
2026-03-19 10:25:38,379 - ExfiltrationDetector.exfil_20260319_102538 - INFO - [SIZE] Analyzing packet size patterns...
2026-03-19 10:25:38,381 - ExfiltrationDetector.exfil_20260319_102538 - INFO - [COMPLETE] Exfiltration detection completed in 0.02s
2026-03-19 10:25:38,382 - ExfiltrationDetector.exfil_20260319_102538 - INFO -            Alerts generated: 2
2026-03-19 10:25:38,382 - ExfiltrationDetector.exfil_20260319_102538 - INFO -            Suspicious flows: 0
2026-03-19 10:25:38,385 - ExfiltrationDetector.exfil_20260319_102538 - INFO - [REPORT] JSON report saved to: output/exfiltration/exfil_20260319_102538.json
2026-03-19 10:25:38,393 - ExfiltrationDetector.exfil_20260319_102538 - INFO - [CLEAN] Exfiltration detector cleaned up
