2026-03-18 02:05:22,593 - ExfiltrationDetector.exfil_20260318_020522 - INFO - [TOOL] ExfiltrationDetector initialized with ID: exfil_20260318_020522
2026-03-18 02:05:22,595 - ExfiltrationDetector.exfil_20260318_020522 - INFO - [LOAD] Loaded 105 packets for exfiltration analysis
2026-03-18 02:05:22,596 - ExfiltrationDetector.exfil_20260318_020522 - INFO - [DETECT] Starting exfiltration detection...
2026-03-18 02:05:22,597 - ExfiltrationDetector.exfil_20260318_020522 - INFO - [FLOWS] Building flow statistics...
2026-03-18 02:05:22,599 - ExfiltrationDetector.exfil_20260318_020522 - INFO - [TRANSFER] Checking for large data transfers...
2026-03-18 02:05:22,601 - ExfiltrationDetector.exfil_20260318_020522 - INFO - [DEST] Checking for unusual destinations...
2026-03-18 02:05:22,602 - ExfiltrationDetector.exfil_20260318_020522 - INFO - [RATE] Analyzing data transfer rates...
2026-03-18 02:05:22,604 - ExfiltrationDetector.exfil_20260318_020522 - INFO - [DNS] Checking for DNS exfiltration...
2026-03-18 02:05:22,604 - ExfiltrationDetector.exfil_20260318_020522 - INFO - [DNS] Found 1 potential DNS flows
2026-03-18 02:05:22,605 - ExfiltrationDetector.exfil_20260318_020522 - INFO - [DNS] Suspicious flow: UDP_192.168.1.100:12345->8.8.8.8:53 - high_query_volume
2026-03-18 02:05:22,606 - ExfiltrationDetector.exfil_20260318_020522 - INFO - [ICMP] Checking for ICMP exfiltration...
2026-03-18 02:05:22,607 - ExfiltrationDetector.exfil_20260318_020522 - INFO - [HTTP] Checking for HTTP exfiltration...
2026-03-18 02:05:22,607 - ExfiltrationDetector.exfil_20260318_020522 - INFO - [COVERT] Checking for covert channels...
2026-03-18 02:05:22,608 - ExfiltrationDetector.exfil_20260318_020522 - INFO - [TIMING] Checking for timing channels...
2026-03-18 02:05:22,610 - ExfiltrationDetector.exfil_20260318_020522 - INFO - [STEGO] Checking for steganography...
2026-03-18 02:05:22,611 - ExfiltrationDetector.exfil_20260318_020522 - INFO - [PROTO] Checking for unusual protocols...
2026-03-18 02:05:22,611 - ExfiltrationDetector.exfil_20260318_020522 - INFO - [SIZE] Analyzing packet size patterns...
2026-03-18 02:05:22,613 - ExfiltrationDetector.exfil_20260318_020522 - INFO - [COMPLETE] Exfiltration detection completed in 0.02s
2026-03-18 02:05:22,613 - ExfiltrationDetector.exfil_20260318_020522 - INFO -            Alerts generated: 8
2026-03-18 02:05:22,614 - ExfiltrationDetector.exfil_20260318_020522 - INFO -            Suspicious flows: 3
2026-03-18 02:05:22,628 - ExfiltrationDetector.exfil_20260318_020522 - INFO - [REPORT] Text report saved to: output/exfiltration/exfil_exfil_20260318_020522.txt
