2026-03-19 10:45:42,463 - ExfiltrationDetector.exfil_20260319_104542 - INFO - [TOOL] ExfiltrationDetector initialized with ID: exfil_20260319_104542
2026-03-19 10:45:42,472 - ExfiltrationDetector.exfil_20260319_104542 - INFO - [LOAD] Loaded 460 packets for exfiltration analysis
2026-03-19 10:45:42,473 - ExfiltrationDetector.exfil_20260319_104542 - INFO - [DETECT] Starting exfiltration detection...
2026-03-19 10:45:42,473 - ExfiltrationDetector.exfil_20260319_104542 - INFO - [FLOWS] Building flow statistics...
2026-03-19 10:45:42,487 - ExfiltrationDetector.exfil_20260319_104542 - INFO - [TRANSFER] Checking for large data transfers...
2026-03-19 10:45:42,488 - ExfiltrationDetector.exfil_20260319_104542 - INFO - [DEST] Checking for unusual destinations...
2026-03-19 10:45:42,489 - ExfiltrationDetector.exfil_20260319_104542 - INFO - [RATE] Analyzing data transfer rates...
2026-03-19 10:45:42,491 - ExfiltrationDetector.exfil_20260319_104542 - INFO - [DNS] Checking for DNS exfiltration...
2026-03-19 10:45:42,493 - ExfiltrationDetector.exfil_20260319_104542 - INFO - [DNS] Found 2 potential DNS flows
2026-03-19 10:45:42,494 - ExfiltrationDetector.exfil_20260319_104542 - DEBUG - [DNS] No suspicious DNS flows detected
2026-03-19 10:45:42,495 - ExfiltrationDetector.exfil_20260319_104542 - INFO - [ICMP] Checking for ICMP exfiltration...
2026-03-19 10:45:42,496 - ExfiltrationDetector.exfil_20260319_104542 - INFO - [HTTP] Checking for HTTP exfiltration...
2026-03-19 10:45:42,498 - ExfiltrationDetector.exfil_20260319_104542 - INFO - [COVERT] Checking for covert channels...
2026-03-19 10:45:42,501 - ExfiltrationDetector.exfil_20260319_104542 - INFO - [TIMING] Checking for timing channels...
2026-03-19 10:45:42,506 - ExfiltrationDetector.exfil_20260319_104542 - INFO - [STEGO] Checking for steganography...
2026-03-19 10:45:42,510 - ExfiltrationDetector.exfil_20260319_104542 - INFO - [PROTO] Checking for unusual protocols...
2026-03-19 10:45:42,514 - ExfiltrationDetector.exfil_20260319_104542 - INFO - [SIZE] Analyzing packet size patterns...
2026-03-19 10:45:42,518 - ExfiltrationDetector.exfil_20260319_104542 - INFO - [COMPLETE] Exfiltration detection completed in 0.04s
2026-03-19 10:45:42,520 - ExfiltrationDetector.exfil_20260319_104542 - INFO -            Alerts generated: 2
2026-03-19 10:45:42,520 - ExfiltrationDetector.exfil_20260319_104542 - INFO -            Suspicious flows: 0
2026-03-19 10:45:42,524 - ExfiltrationDetector.exfil_20260319_104542 - INFO - [REPORT] JSON report saved to: output/exfiltration/exfil_20260319_104542.json
2026-03-19 10:45:42,536 - ExfiltrationDetector.exfil_20260319_104542 - INFO - [CLEAN] Exfiltration detector cleaned up
