2026-03-19 11:02:12,572 - ExfiltrationDetector.exfil_20260319_110212 - INFO - [TOOL] ExfiltrationDetector initialized with ID: exfil_20260319_110212
2026-03-19 11:02:12,579 - ExfiltrationDetector.exfil_20260319_110212 - INFO - [LOAD] Loaded 453 packets for exfiltration analysis
2026-03-19 11:02:12,580 - ExfiltrationDetector.exfil_20260319_110212 - INFO - [DETECT] Starting exfiltration detection...
2026-03-19 11:02:12,581 - ExfiltrationDetector.exfil_20260319_110212 - INFO - [FLOWS] Building flow statistics...
2026-03-19 11:02:12,585 - ExfiltrationDetector.exfil_20260319_110212 - INFO - [TRANSFER] Checking for large data transfers...
2026-03-19 11:02:12,586 - ExfiltrationDetector.exfil_20260319_110212 - INFO - [DEST] Checking for unusual destinations...
2026-03-19 11:02:12,587 - ExfiltrationDetector.exfil_20260319_110212 - INFO - [RATE] Analyzing data transfer rates...
2026-03-19 11:02:12,589 - ExfiltrationDetector.exfil_20260319_110212 - INFO - [DNS] Checking for DNS exfiltration...
2026-03-19 11:02:12,595 - ExfiltrationDetector.exfil_20260319_110212 - INFO - [DNS] Found 8 potential DNS flows
2026-03-19 11:02:12,596 - ExfiltrationDetector.exfil_20260319_110212 - DEBUG - [DNS] No suspicious DNS flows detected
2026-03-19 11:02:12,596 - ExfiltrationDetector.exfil_20260319_110212 - INFO - [ICMP] Checking for ICMP exfiltration...
2026-03-19 11:02:12,601 - ExfiltrationDetector.exfil_20260319_110212 - INFO - [HTTP] Checking for HTTP exfiltration...
2026-03-19 11:02:12,602 - ExfiltrationDetector.exfil_20260319_110212 - INFO - [COVERT] Checking for covert channels...
2026-03-19 11:02:12,602 - ExfiltrationDetector.exfil_20260319_110212 - INFO - [TIMING] Checking for timing channels...
2026-03-19 11:02:12,604 - ExfiltrationDetector.exfil_20260319_110212 - INFO - [STEGO] Checking for steganography...
2026-03-19 11:02:12,605 - ExfiltrationDetector.exfil_20260319_110212 - INFO - [PROTO] Checking for unusual protocols...
2026-03-19 11:02:12,606 - ExfiltrationDetector.exfil_20260319_110212 - INFO - [SIZE] Analyzing packet size patterns...
2026-03-19 11:02:12,610 - ExfiltrationDetector.exfil_20260319_110212 - INFO - [COMPLETE] Exfiltration detection completed in 0.03s
2026-03-19 11:02:12,611 - ExfiltrationDetector.exfil_20260319_110212 - INFO -            Alerts generated: 2
2026-03-19 11:02:12,612 - ExfiltrationDetector.exfil_20260319_110212 - INFO -            Suspicious flows: 0
2026-03-19 11:02:12,614 - ExfiltrationDetector.exfil_20260319_110212 - INFO - [REPORT] JSON report saved to: output/exfiltration/exfil_20260319_110212.json
2026-03-19 11:02:12,620 - ExfiltrationDetector.exfil_20260319_110212 - INFO - [CLEAN] Exfiltration detector cleaned up
