2026-03-19 10:46:46,006 - ExfiltrationDetector.exfil_20260319_104646 - INFO - [TOOL] ExfiltrationDetector initialized with ID: exfil_20260319_104646
2026-03-19 10:46:46,036 - ExfiltrationDetector.exfil_20260319_104646 - INFO - [LOAD] Loaded 231 packets for exfiltration analysis
2026-03-19 10:46:46,041 - ExfiltrationDetector.exfil_20260319_104646 - INFO - [DETECT] Starting exfiltration detection...
2026-03-19 10:46:46,042 - ExfiltrationDetector.exfil_20260319_104646 - INFO - [FLOWS] Building flow statistics...
2026-03-19 10:46:46,054 - ExfiltrationDetector.exfil_20260319_104646 - INFO - [TRANSFER] Checking for large data transfers...
2026-03-19 10:46:46,059 - ExfiltrationDetector.exfil_20260319_104646 - INFO - [DEST] Checking for unusual destinations...
2026-03-19 10:46:46,076 - ExfiltrationDetector.exfil_20260319_104646 - INFO - [RATE] Analyzing data transfer rates...
2026-03-19 10:46:46,078 - ExfiltrationDetector.exfil_20260319_104646 - INFO - [DNS] Checking for DNS exfiltration...
2026-03-19 10:46:46,081 - ExfiltrationDetector.exfil_20260319_104646 - INFO - [DNS] Found 3 potential DNS flows
2026-03-19 10:46:46,090 - ExfiltrationDetector.exfil_20260319_104646 - DEBUG - [DNS] No suspicious DNS flows detected
2026-03-19 10:46:46,091 - ExfiltrationDetector.exfil_20260319_104646 - INFO - [ICMP] Checking for ICMP exfiltration...
2026-03-19 10:46:46,093 - ExfiltrationDetector.exfil_20260319_104646 - INFO - [HTTP] Checking for HTTP exfiltration...
2026-03-19 10:46:46,093 - ExfiltrationDetector.exfil_20260319_104646 - INFO - [COVERT] Checking for covert channels...
2026-03-19 10:46:46,096 - ExfiltrationDetector.exfil_20260319_104646 - INFO - [TIMING] Checking for timing channels...
2026-03-19 10:46:46,101 - ExfiltrationDetector.exfil_20260319_104646 - INFO - [STEGO] Checking for steganography...
2026-03-19 10:46:46,103 - ExfiltrationDetector.exfil_20260319_104646 - INFO - [PROTO] Checking for unusual protocols...
2026-03-19 10:46:46,104 - ExfiltrationDetector.exfil_20260319_104646 - INFO - [SIZE] Analyzing packet size patterns...
2026-03-19 10:46:46,107 - ExfiltrationDetector.exfil_20260319_104646 - INFO - [COMPLETE] Exfiltration detection completed in 0.07s
2026-03-19 10:46:46,108 - ExfiltrationDetector.exfil_20260319_104646 - INFO -            Alerts generated: 2
2026-03-19 10:46:46,110 - ExfiltrationDetector.exfil_20260319_104646 - INFO -            Suspicious flows: 0
2026-03-19 10:46:46,115 - ExfiltrationDetector.exfil_20260319_104646 - INFO - [REPORT] JSON report saved to: output/exfiltration/exfil_20260319_104646.json
2026-03-19 10:46:46,125 - ExfiltrationDetector.exfil_20260319_104646 - INFO - [CLEAN] Exfiltration detector cleaned up
