2026-03-18 01:59:41,638 - ExfiltrationDetector.exfil_20260318_015941 - INFO - [TOOL] ExfiltrationDetector initialized with ID: exfil_20260318_015941
2026-03-18 01:59:41,642 - ExfiltrationDetector.exfil_20260318_015941 - INFO - [LOAD] Loaded 105 packets for exfiltration analysis
2026-03-18 01:59:41,645 - ExfiltrationDetector.exfil_20260318_015941 - INFO - [DETECT] Starting exfiltration detection...
2026-03-18 01:59:41,648 - ExfiltrationDetector.exfil_20260318_015941 - INFO - [FLOWS] Building flow statistics...
2026-03-18 01:59:41,653 - ExfiltrationDetector.exfil_20260318_015941 - INFO - [TRANSFER] Checking for large data transfers...
2026-03-18 01:59:41,657 - ExfiltrationDetector.exfil_20260318_015941 - INFO - [DEST] Checking for unusual destinations...
2026-03-18 01:59:41,660 - ExfiltrationDetector.exfil_20260318_015941 - INFO - [RATE] Analyzing data transfer rates...
2026-03-18 01:59:41,664 - ExfiltrationDetector.exfil_20260318_015941 - INFO - [DNS] Checking for DNS exfiltration...
2026-03-18 01:59:41,668 - ExfiltrationDetector.exfil_20260318_015941 - INFO - [DNS] Found 1 potential DNS flows
2026-03-18 01:59:41,669 - ExfiltrationDetector.exfil_20260318_015941 - INFO - [DNS] Suspicious flow: UDP_192.168.1.100:12345->8.8.8.8:53 - high_query_volume
2026-03-18 01:59:41,669 - ExfiltrationDetector.exfil_20260318_015941 - INFO - [ICMP] Checking for ICMP exfiltration...
2026-03-18 01:59:41,670 - ExfiltrationDetector.exfil_20260318_015941 - INFO - [HTTP] Checking for HTTP exfiltration...
2026-03-18 01:59:41,670 - ExfiltrationDetector.exfil_20260318_015941 - INFO - [COVERT] Checking for covert channels...
2026-03-18 01:59:41,671 - ExfiltrationDetector.exfil_20260318_015941 - INFO - [TIMING] Checking for timing channels...
2026-03-18 01:59:41,679 - ExfiltrationDetector.exfil_20260318_015941 - INFO - [STEGO] Checking for steganography...
2026-03-18 01:59:41,681 - ExfiltrationDetector.exfil_20260318_015941 - INFO - [PROTO] Checking for unusual protocols...
2026-03-18 01:59:41,683 - ExfiltrationDetector.exfil_20260318_015941 - INFO - [SIZE] Analyzing packet size patterns...
2026-03-18 01:59:41,685 - ExfiltrationDetector.exfil_20260318_015941 - INFO - [COMPLETE] Exfiltration detection completed in 0.04s
2026-03-18 01:59:41,686 - ExfiltrationDetector.exfil_20260318_015941 - INFO -            Alerts generated: 8
2026-03-18 01:59:41,688 - ExfiltrationDetector.exfil_20260318_015941 - INFO -            Suspicious flows: 3
