2026-03-19 17:01:17,454 - ExfiltrationDetector.exfil_20260319_170117 - INFO - [TOOL] ExfiltrationDetector initialized with ID: exfil_20260319_170117
2026-03-19 17:01:17,455 - ExfiltrationDetector.exfil_20260319_170117 - INFO - [LOAD] Loaded 467 packets for exfiltration analysis
2026-03-19 17:01:17,459 - ExfiltrationDetector.exfil_20260319_170117 - INFO - [DETECT] Starting exfiltration detection...
2026-03-19 17:01:17,461 - ExfiltrationDetector.exfil_20260319_170117 - INFO - [FLOWS] Building flow statistics...
2026-03-19 17:01:17,468 - ExfiltrationDetector.exfil_20260319_170117 - INFO - [TRANSFER] Checking for large data transfers...
2026-03-19 17:01:17,470 - ExfiltrationDetector.exfil_20260319_170117 - INFO - [DEST] Checking for unusual destinations...
2026-03-19 17:01:17,471 - ExfiltrationDetector.exfil_20260319_170117 - INFO - [RATE] Analyzing data transfer rates...
2026-03-19 17:01:17,473 - ExfiltrationDetector.exfil_20260319_170117 - INFO - [DNS] Checking for DNS exfiltration...
2026-03-19 17:01:17,473 - ExfiltrationDetector.exfil_20260319_170117 - INFO - [DNS] Found 8 potential DNS flows
2026-03-19 17:01:17,474 - ExfiltrationDetector.exfil_20260319_170117 - DEBUG - [DNS] No suspicious DNS flows detected
2026-03-19 17:01:17,474 - ExfiltrationDetector.exfil_20260319_170117 - INFO - [ICMP] Checking for ICMP exfiltration...
2026-03-19 17:01:17,474 - ExfiltrationDetector.exfil_20260319_170117 - INFO - [HTTP] Checking for HTTP exfiltration...
2026-03-19 17:01:17,475 - ExfiltrationDetector.exfil_20260319_170117 - INFO - [COVERT] Checking for covert channels...
2026-03-19 17:01:17,476 - ExfiltrationDetector.exfil_20260319_170117 - INFO - [TIMING] Checking for timing channels...
2026-03-19 17:01:17,481 - ExfiltrationDetector.exfil_20260319_170117 - INFO - [STEGO] Checking for steganography...
2026-03-19 17:01:17,482 - ExfiltrationDetector.exfil_20260319_170117 - INFO - [PROTO] Checking for unusual protocols...
2026-03-19 17:01:17,482 - ExfiltrationDetector.exfil_20260319_170117 - INFO - [SIZE] Analyzing packet size patterns...
2026-03-19 17:01:17,484 - ExfiltrationDetector.exfil_20260319_170117 - INFO - [COMPLETE] Exfiltration detection completed in 0.02s
2026-03-19 17:01:17,484 - ExfiltrationDetector.exfil_20260319_170117 - INFO -            Alerts generated: 2
2026-03-19 17:01:17,485 - ExfiltrationDetector.exfil_20260319_170117 - INFO -            Suspicious flows: 0
2026-03-19 17:01:17,489 - ExfiltrationDetector.exfil_20260319_170117 - INFO - [REPORT] JSON report saved to: output/exfiltration/exfil_20260319_170117.json
2026-03-19 17:01:17,494 - ExfiltrationDetector.exfil_20260319_170117 - INFO - [CLEAN] Exfiltration detector cleaned up
