2026-03-19 07:40:43,783 - ExfiltrationDetector.exfil_20260319_074043 - INFO - [TOOL] ExfiltrationDetector initialized with ID: exfil_20260319_074043
2026-03-19 07:40:43,784 - ExfiltrationDetector.exfil_20260319_074043 - INFO - [LOAD] Loaded 317 packets for exfiltration analysis
2026-03-19 07:40:43,786 - ExfiltrationDetector.exfil_20260319_074043 - INFO - [DETECT] Starting exfiltration detection...
2026-03-19 07:40:43,787 - ExfiltrationDetector.exfil_20260319_074043 - INFO - [FLOWS] Building flow statistics...
2026-03-19 07:40:43,792 - ExfiltrationDetector.exfil_20260319_074043 - INFO - [TRANSFER] Checking for large data transfers...
2026-03-19 07:40:43,797 - ExfiltrationDetector.exfil_20260319_074043 - INFO - [DEST] Checking for unusual destinations...
2026-03-19 07:40:43,798 - ExfiltrationDetector.exfil_20260319_074043 - INFO - [RATE] Analyzing data transfer rates...
2026-03-19 07:40:43,799 - ExfiltrationDetector.exfil_20260319_074043 - INFO - [DNS] Checking for DNS exfiltration...
2026-03-19 07:40:43,800 - ExfiltrationDetector.exfil_20260319_074043 - INFO - [DNS] Found 4 potential DNS flows
2026-03-19 07:40:43,800 - ExfiltrationDetector.exfil_20260319_074043 - DEBUG - [DNS] No suspicious DNS flows detected
2026-03-19 07:40:43,801 - ExfiltrationDetector.exfil_20260319_074043 - INFO - [ICMP] Checking for ICMP exfiltration...
2026-03-19 07:40:43,801 - ExfiltrationDetector.exfil_20260319_074043 - INFO - [HTTP] Checking for HTTP exfiltration...
2026-03-19 07:40:43,802 - ExfiltrationDetector.exfil_20260319_074043 - INFO - [COVERT] Checking for covert channels...
2026-03-19 07:40:43,802 - ExfiltrationDetector.exfil_20260319_074043 - INFO - [TIMING] Checking for timing channels...
2026-03-19 07:40:43,806 - ExfiltrationDetector.exfil_20260319_074043 - INFO - [STEGO] Checking for steganography...
2026-03-19 07:40:43,807 - ExfiltrationDetector.exfil_20260319_074043 - INFO - [PROTO] Checking for unusual protocols...
2026-03-19 07:40:43,808 - ExfiltrationDetector.exfil_20260319_074043 - INFO - [SIZE] Analyzing packet size patterns...
2026-03-19 07:40:43,808 - ExfiltrationDetector.exfil_20260319_074043 - INFO - [COMPLETE] Exfiltration detection completed in 0.02s
2026-03-19 07:40:43,809 - ExfiltrationDetector.exfil_20260319_074043 - INFO -            Alerts generated: 2
2026-03-19 07:40:43,815 - ExfiltrationDetector.exfil_20260319_074043 - INFO -            Suspicious flows: 0
2026-03-19 07:40:43,818 - ExfiltrationDetector.exfil_20260319_074043 - INFO - [REPORT] JSON report saved to: output/exfiltration/exfil_20260319_074043.json
2026-03-19 07:40:43,820 - ExfiltrationDetector.exfil_20260319_074043 - INFO - [CLEAN] Exfiltration detector cleaned up
