2026-03-19 10:39:12,483 - ExfiltrationDetector.exfil_20260319_103912 - INFO - [TOOL] ExfiltrationDetector initialized with ID: exfil_20260319_103912
2026-03-19 10:39:12,495 - ExfiltrationDetector.exfil_20260319_103912 - INFO - [LOAD] Loaded 293 packets for exfiltration analysis
2026-03-19 10:39:12,498 - ExfiltrationDetector.exfil_20260319_103912 - INFO - [DETECT] Starting exfiltration detection...
2026-03-19 10:39:12,499 - ExfiltrationDetector.exfil_20260319_103912 - INFO - [FLOWS] Building flow statistics...
2026-03-19 10:39:12,502 - ExfiltrationDetector.exfil_20260319_103912 - INFO - [TRANSFER] Checking for large data transfers...
2026-03-19 10:39:12,503 - ExfiltrationDetector.exfil_20260319_103912 - INFO - [DEST] Checking for unusual destinations...
2026-03-19 10:39:12,505 - ExfiltrationDetector.exfil_20260319_103912 - INFO - [RATE] Analyzing data transfer rates...
2026-03-19 10:39:12,507 - ExfiltrationDetector.exfil_20260319_103912 - INFO - [DNS] Checking for DNS exfiltration...
2026-03-19 10:39:12,508 - ExfiltrationDetector.exfil_20260319_103912 - INFO - [DNS] Found 1 potential DNS flows
2026-03-19 10:39:12,513 - ExfiltrationDetector.exfil_20260319_103912 - DEBUG - [DNS] No suspicious DNS flows detected
2026-03-19 10:39:12,513 - ExfiltrationDetector.exfil_20260319_103912 - INFO - [ICMP] Checking for ICMP exfiltration...
2026-03-19 10:39:12,515 - ExfiltrationDetector.exfil_20260319_103912 - INFO - [HTTP] Checking for HTTP exfiltration...
2026-03-19 10:39:12,516 - ExfiltrationDetector.exfil_20260319_103912 - INFO - [COVERT] Checking for covert channels...
2026-03-19 10:39:12,517 - ExfiltrationDetector.exfil_20260319_103912 - INFO - [TIMING] Checking for timing channels...
2026-03-19 10:39:12,519 - ExfiltrationDetector.exfil_20260319_103912 - INFO - [STEGO] Checking for steganography...
2026-03-19 10:39:12,519 - ExfiltrationDetector.exfil_20260319_103912 - INFO - [PROTO] Checking for unusual protocols...
2026-03-19 10:39:12,520 - ExfiltrationDetector.exfil_20260319_103912 - INFO - [SIZE] Analyzing packet size patterns...
2026-03-19 10:39:12,521 - ExfiltrationDetector.exfil_20260319_103912 - INFO - [COMPLETE] Exfiltration detection completed in 0.02s
2026-03-19 10:39:12,522 - ExfiltrationDetector.exfil_20260319_103912 - INFO -            Alerts generated: 2
2026-03-19 10:39:12,524 - ExfiltrationDetector.exfil_20260319_103912 - INFO -            Suspicious flows: 0
2026-03-19 10:39:12,533 - ExfiltrationDetector.exfil_20260319_103912 - INFO - [REPORT] JSON report saved to: output/exfiltration/exfil_20260319_103912.json
2026-03-19 10:39:12,535 - ExfiltrationDetector.exfil_20260319_103912 - INFO - [CLEAN] Exfiltration detector cleaned up
