2026-03-19 10:18:11,618 - ExfiltrationDetector.exfil_20260319_101811 - INFO - [TOOL] ExfiltrationDetector initialized with ID: exfil_20260319_101811
2026-03-19 10:18:11,633 - ExfiltrationDetector.exfil_20260319_101811 - INFO - [LOAD] Loaded 414 packets for exfiltration analysis
2026-03-19 10:18:11,636 - ExfiltrationDetector.exfil_20260319_101811 - INFO - [DETECT] Starting exfiltration detection...
2026-03-19 10:18:11,636 - ExfiltrationDetector.exfil_20260319_101811 - INFO - [FLOWS] Building flow statistics...
2026-03-19 10:18:11,640 - ExfiltrationDetector.exfil_20260319_101811 - INFO - [TRANSFER] Checking for large data transfers...
2026-03-19 10:18:11,642 - ExfiltrationDetector.exfil_20260319_101811 - INFO - [DEST] Checking for unusual destinations...
2026-03-19 10:18:11,643 - ExfiltrationDetector.exfil_20260319_101811 - INFO - [RATE] Analyzing data transfer rates...
2026-03-19 10:18:11,644 - ExfiltrationDetector.exfil_20260319_101811 - INFO - [DNS] Checking for DNS exfiltration...
2026-03-19 10:18:11,645 - ExfiltrationDetector.exfil_20260319_101811 - INFO - [DNS] Found 4 potential DNS flows
2026-03-19 10:18:11,645 - ExfiltrationDetector.exfil_20260319_101811 - DEBUG - [DNS] No suspicious DNS flows detected
2026-03-19 10:18:11,646 - ExfiltrationDetector.exfil_20260319_101811 - INFO - [ICMP] Checking for ICMP exfiltration...
2026-03-19 10:18:11,646 - ExfiltrationDetector.exfil_20260319_101811 - INFO - [HTTP] Checking for HTTP exfiltration...
2026-03-19 10:18:11,647 - ExfiltrationDetector.exfil_20260319_101811 - INFO - [COVERT] Checking for covert channels...
2026-03-19 10:18:11,650 - ExfiltrationDetector.exfil_20260319_101811 - INFO - [TIMING] Checking for timing channels...
2026-03-19 10:18:11,654 - ExfiltrationDetector.exfil_20260319_101811 - INFO - [STEGO] Checking for steganography...
2026-03-19 10:18:11,656 - ExfiltrationDetector.exfil_20260319_101811 - INFO - [PROTO] Checking for unusual protocols...
2026-03-19 10:18:11,658 - ExfiltrationDetector.exfil_20260319_101811 - INFO - [SIZE] Analyzing packet size patterns...
2026-03-19 10:18:11,660 - ExfiltrationDetector.exfil_20260319_101811 - INFO - [COMPLETE] Exfiltration detection completed in 0.02s
2026-03-19 10:18:11,661 - ExfiltrationDetector.exfil_20260319_101811 - INFO -            Alerts generated: 2
2026-03-19 10:18:11,661 - ExfiltrationDetector.exfil_20260319_101811 - INFO -            Suspicious flows: 0
2026-03-19 10:18:11,664 - ExfiltrationDetector.exfil_20260319_101811 - INFO - [REPORT] JSON report saved to: output/exfiltration/exfil_20260319_101811.json
2026-03-19 10:18:11,665 - ExfiltrationDetector.exfil_20260319_101811 - INFO - [CLEAN] Exfiltration detector cleaned up
