2026-03-19 10:42:19,309 - ExfiltrationDetector.exfil_20260319_104219 - INFO - [TOOL] ExfiltrationDetector initialized with ID: exfil_20260319_104219
2026-03-19 10:42:19,313 - ExfiltrationDetector.exfil_20260319_104219 - INFO - [LOAD] Loaded 307 packets for exfiltration analysis
2026-03-19 10:42:19,314 - ExfiltrationDetector.exfil_20260319_104219 - INFO - [DETECT] Starting exfiltration detection...
2026-03-19 10:42:19,315 - ExfiltrationDetector.exfil_20260319_104219 - INFO - [FLOWS] Building flow statistics...
2026-03-19 10:42:19,317 - ExfiltrationDetector.exfil_20260319_104219 - INFO - [TRANSFER] Checking for large data transfers...
2026-03-19 10:42:19,317 - ExfiltrationDetector.exfil_20260319_104219 - INFO - [DEST] Checking for unusual destinations...
2026-03-19 10:42:19,319 - ExfiltrationDetector.exfil_20260319_104219 - INFO - [RATE] Analyzing data transfer rates...
2026-03-19 10:42:19,320 - ExfiltrationDetector.exfil_20260319_104219 - INFO - [DNS] Checking for DNS exfiltration...
2026-03-19 10:42:19,326 - ExfiltrationDetector.exfil_20260319_104219 - INFO - [DNS] Found 3 potential DNS flows
2026-03-19 10:42:19,326 - ExfiltrationDetector.exfil_20260319_104219 - DEBUG - [DNS] No suspicious DNS flows detected
2026-03-19 10:42:19,327 - ExfiltrationDetector.exfil_20260319_104219 - INFO - [ICMP] Checking for ICMP exfiltration...
2026-03-19 10:42:19,328 - ExfiltrationDetector.exfil_20260319_104219 - INFO - [HTTP] Checking for HTTP exfiltration...
2026-03-19 10:42:19,328 - ExfiltrationDetector.exfil_20260319_104219 - INFO - [COVERT] Checking for covert channels...
2026-03-19 10:42:19,329 - ExfiltrationDetector.exfil_20260319_104219 - INFO - [TIMING] Checking for timing channels...
2026-03-19 10:42:19,331 - ExfiltrationDetector.exfil_20260319_104219 - INFO - [STEGO] Checking for steganography...
2026-03-19 10:42:19,332 - ExfiltrationDetector.exfil_20260319_104219 - INFO - [PROTO] Checking for unusual protocols...
2026-03-19 10:42:19,340 - ExfiltrationDetector.exfil_20260319_104219 - INFO - [SIZE] Analyzing packet size patterns...
2026-03-19 10:42:19,342 - ExfiltrationDetector.exfil_20260319_104219 - INFO - [COMPLETE] Exfiltration detection completed in 0.03s
2026-03-19 10:42:19,342 - ExfiltrationDetector.exfil_20260319_104219 - INFO -            Alerts generated: 2
2026-03-19 10:42:19,343 - ExfiltrationDetector.exfil_20260319_104219 - INFO -            Suspicious flows: 0
2026-03-19 10:42:19,346 - ExfiltrationDetector.exfil_20260319_104219 - INFO - [REPORT] JSON report saved to: output/exfiltration/exfil_20260319_104219.json
2026-03-19 10:42:19,348 - ExfiltrationDetector.exfil_20260319_104219 - INFO - [CLEAN] Exfiltration detector cleaned up
