2026-03-18 01:12:07,155 - PacketCapture.capture_20260318_011207 - INFO - [OK] Npcap found - packet capture available
2026-03-18 01:12:07,159 - PacketCapture.capture_20260318_011207 - INFO - [TOOL] PacketCapture initialized with ID: capture_20260318_011207
2026-03-18 01:12:07,168 - PacketCapture.capture_20260318_011207 - INFO - [TOOL] Capture method: scapy_npcap
2026-03-18 01:12:07,240 - PacketCapture.capture_20260318_011207 - INFO - [NET] Found 56 network interfaces
2026-03-18 01:12:07,244 - PacketCapture.capture_20260318_011207 - INFO - [CLEAN] Packet capture cleaned up
2026-03-18 01:12:07,249 - PacketCapture.capture_20260318_011207 - INFO - [OK] Npcap found - packet capture available
2026-03-18 01:12:07,249 - PacketCapture.capture_20260318_011207 - INFO - [OK] Npcap found - packet capture available
2026-03-18 01:12:07,255 - PacketCapture.capture_20260318_011207 - INFO - [TOOL] PacketCapture initialized with ID: capture_20260318_011207
2026-03-18 01:12:07,255 - PacketCapture.capture_20260318_011207 - INFO - [TOOL] PacketCapture initialized with ID: capture_20260318_011207
2026-03-18 01:12:07,256 - PacketCapture.capture_20260318_011207 - INFO - [TOOL] Capture method: scapy_npcap
2026-03-18 01:12:07,256 - PacketCapture.capture_20260318_011207 - INFO - [TOOL] Capture method: scapy_npcap
2026-03-18 01:12:07,258 - PacketCapture.capture_20260318_011207 - INFO - [START] Packet capture started
2026-03-18 01:12:07,258 - PacketCapture.capture_20260318_011207 - INFO - [START] Packet capture started
2026-03-18 01:12:07,260 - PacketCapture.capture_20260318_011207 - ERROR - [ERROR] Capture failed: Error opening adapter: Network interface was not found.  (2150891563)
2026-03-18 01:12:07,262 - PacketCapture.capture_20260318_011207 - INFO -          Interface: \Device\NPF_{DEFAULT}
2026-03-18 01:12:07,260 - PacketCapture.capture_20260318_011207 - ERROR - [ERROR] Capture failed: Error opening adapter: Network interface was not found.  (2150891563)
2026-03-18 01:12:07,262 - PacketCapture.capture_20260318_011207 - INFO -          Interface: \Device\NPF_{DEFAULT}
2026-03-18 01:12:07,263 - PacketCapture.capture_20260318_011207 - INFO - [STOP] Capture stopped - 0 packets captured
2026-03-18 01:12:07,264 - PacketCapture.capture_20260318_011207 - INFO -          Filter: not tcp port 443
2026-03-18 01:12:07,263 - PacketCapture.capture_20260318_011207 - INFO - [STOP] Capture stopped - 0 packets captured
2026-03-18 01:12:07,264 - PacketCapture.capture_20260318_011207 - INFO -          Filter: not tcp port 443
2026-03-18 01:12:07,266 - PacketCapture.capture_20260318_011207 - INFO -          Max packets: 10000
2026-03-18 01:12:07,266 - PacketCapture.capture_20260318_011207 - INFO -          Max packets: 10000
2026-03-18 01:12:07,268 - PacketCapture.capture_20260318_011207 - INFO -          Timeout: 15s
2026-03-18 01:12:07,268 - PacketCapture.capture_20260318_011207 - INFO -          Timeout: 15s
2026-03-18 01:12:20,278 - PacketCapture.capture_20260318_011207 - WARNING - [WARN] No packets to save
2026-03-18 01:12:20,278 - PacketCapture.capture_20260318_011207 - WARNING - [WARN] No packets to save
2026-03-18 01:12:20,280 - PacketCapture.capture_20260318_011207 - INFO - [CLEAN] Packet capture cleaned up
2026-03-18 01:12:20,280 - PacketCapture.capture_20260318_011207 - INFO - [CLEAN] Packet capture cleaned up
