2026-03-19 08:31:32,635 - ProtocolAnalyzer.analysis_20260319_083132 - INFO - [TOOL] ProtocolAnalyzer initialized with ID: analysis_20260319_083132
2026-03-19 08:31:32,637 - ProtocolAnalyzer.analysis_20260319_083132 - INFO - [LOAD] Loaded 140 packets for analysis
2026-03-19 08:31:32,638 - ProtocolAnalyzer.analysis_20260319_083132 - INFO - [ANALYZE] Starting protocol analysis...
2026-03-19 08:31:32,639 - ProtocolAnalyzer.analysis_20260319_083132 - INFO - [PROTO] Identifying protocols...
2026-03-19 08:31:32,640 - ProtocolAnalyzer.analysis_20260319_083132 - INFO - [FLOWS] Reconstructing communication flows...
2026-03-19 08:31:32,643 - ProtocolAnalyzer.analysis_20260319_083132 - INFO - [FLOWS] Reconstructed 32 unique flows
2026-03-19 08:31:32,643 - ProtocolAnalyzer.analysis_20260319_083132 - INFO - [ENTROPY] Analyzing payload entropy...
2026-03-19 08:31:32,656 - ProtocolAnalyzer.analysis_20260319_083132 - WARNING - [ALERT] Detected 57 packets with high entropy (possible encryption/obfuscation)
2026-03-19 08:31:32,656 - ProtocolAnalyzer.analysis_20260319_083132 - INFO - [DNS] Checking for DNS tunneling...
2026-03-19 08:31:32,659 - ProtocolAnalyzer.analysis_20260319_083132 - INFO - [C2] Checking for C2 beacon patterns...
2026-03-19 08:31:32,665 - ProtocolAnalyzer.analysis_20260319_083132 - INFO - [SIZE] Analyzing packet size patterns...
2026-03-19 08:31:32,667 - ProtocolAnalyzer.analysis_20260319_083132 - INFO - [PORTS] Checking for suspicious port usage...
2026-03-19 08:31:32,668 - ProtocolAnalyzer.analysis_20260319_083132 - INFO - [TIMING] Analyzing packet timing patterns...
2026-03-19 08:31:32,670 - ProtocolAnalyzer.analysis_20260319_083132 - INFO - [HTTP] Checking for HTTP anomalies...
2026-03-19 08:31:32,671 - ProtocolAnalyzer.analysis_20260319_083132 - INFO - [COMPLETE] Analysis completed in 0.03s
2026-03-19 08:31:32,672 - ProtocolAnalyzer.analysis_20260319_083132 - INFO -            Protocols detected: 2
2026-03-19 08:31:32,674 - ProtocolAnalyzer.analysis_20260319_083132 - INFO -            Flows reconstructed: 32
2026-03-19 08:31:32,676 - ProtocolAnalyzer.analysis_20260319_083132 - INFO -            Alerts generated: 1
2026-03-19 08:31:32,686 - ProtocolAnalyzer.analysis_20260319_083132 - INFO - [REPORT] JSON report saved to: output/analysis/analysis_20260319_083132.json
2026-03-19 08:31:32,687 - ProtocolAnalyzer.analysis_20260319_083132 - INFO - [CLEAN] Protocol analyzer cleaned up
