2026-03-19 10:39:12,377 - ProtocolAnalyzer.analysis_20260319_103912 - INFO - [TOOL] ProtocolAnalyzer initialized with ID: analysis_20260319_103912
2026-03-19 10:39:12,378 - ProtocolAnalyzer.analysis_20260319_103912 - INFO - [LOAD] Loaded 293 packets for analysis
2026-03-19 10:39:12,380 - ProtocolAnalyzer.analysis_20260319_103912 - INFO - [ANALYZE] Starting protocol analysis...
2026-03-19 10:39:12,381 - ProtocolAnalyzer.analysis_20260319_103912 - INFO - [PROTO] Identifying protocols...
2026-03-19 10:39:12,383 - ProtocolAnalyzer.analysis_20260319_103912 - INFO - [FLOWS] Reconstructing communication flows...
2026-03-19 10:39:12,385 - ProtocolAnalyzer.analysis_20260319_103912 - INFO - [FLOWS] Reconstructed 34 unique flows
2026-03-19 10:39:12,385 - ProtocolAnalyzer.analysis_20260319_103912 - INFO - [ENTROPY] Analyzing payload entropy...
2026-03-19 10:39:12,401 - ProtocolAnalyzer.analysis_20260319_103912 - WARNING - [ALERT] Detected 180 packets with high entropy (possible encryption/obfuscation)
2026-03-19 10:39:12,402 - ProtocolAnalyzer.analysis_20260319_103912 - INFO - [DNS] Checking for DNS tunneling...
2026-03-19 10:39:12,405 - ProtocolAnalyzer.analysis_20260319_103912 - WARNING - [ALERT] Detected 2 suspicious DNS queries (possible tunneling)
2026-03-19 10:39:12,407 - ProtocolAnalyzer.analysis_20260319_103912 - INFO - [C2] Checking for C2 beacon patterns...
2026-03-19 10:39:12,443 - ProtocolAnalyzer.analysis_20260319_103912 - INFO - [SIZE] Analyzing packet size patterns...
2026-03-19 10:39:12,449 - ProtocolAnalyzer.analysis_20260319_103912 - INFO - [PORTS] Checking for suspicious port usage...
2026-03-19 10:39:12,450 - ProtocolAnalyzer.analysis_20260319_103912 - INFO - [PORTS] Traffic detected on suspicious ports: 53
2026-03-19 10:39:12,451 - ProtocolAnalyzer.analysis_20260319_103912 - INFO - [TIMING] Analyzing packet timing patterns...
2026-03-19 10:39:12,455 - ProtocolAnalyzer.analysis_20260319_103912 - INFO - [HTTP] Checking for HTTP anomalies...
2026-03-19 10:39:12,458 - ProtocolAnalyzer.analysis_20260319_103912 - INFO - [COMPLETE] Analysis completed in 0.08s
2026-03-19 10:39:12,460 - ProtocolAnalyzer.analysis_20260319_103912 - INFO -            Protocols detected: 1
2026-03-19 10:39:12,461 - ProtocolAnalyzer.analysis_20260319_103912 - INFO -            Flows reconstructed: 34
2026-03-19 10:39:12,461 - ProtocolAnalyzer.analysis_20260319_103912 - INFO -            Alerts generated: 3
2026-03-19 10:39:12,468 - ProtocolAnalyzer.analysis_20260319_103912 - INFO - [REPORT] JSON report saved to: output/analysis/analysis_20260319_103912.json
2026-03-19 10:39:12,479 - ProtocolAnalyzer.analysis_20260319_103912 - INFO - [CLEAN] Protocol analyzer cleaned up
