2026-03-18 01:49:04,264 - ProtocolAnalyzer.analysis_20260318_014904 - INFO - [TOOL] ProtocolAnalyzer initialized with ID: analysis_20260318_014904
2026-03-18 01:49:04,320 - ProtocolAnalyzer.analysis_20260318_014904 - INFO - [LOAD] Loaded 19 packets for analysis
2026-03-18 01:49:04,334 - ProtocolAnalyzer.analysis_20260318_014904 - INFO - [ANALYZE] Starting protocol analysis...
2026-03-18 01:49:04,354 - ProtocolAnalyzer.analysis_20260318_014904 - INFO - [PROTO] Identifying protocols...
2026-03-18 01:49:04,395 - ProtocolAnalyzer.analysis_20260318_014904 - INFO - [FLOWS] Reconstructing communication flows...
2026-03-18 01:49:04,421 - ProtocolAnalyzer.analysis_20260318_014904 - INFO - [FLOWS] Reconstructed 6 unique flows
2026-03-18 01:49:04,465 - ProtocolAnalyzer.analysis_20260318_014904 - INFO - [ENTROPY] Analyzing payload entropy...
2026-03-18 01:49:04,500 - ProtocolAnalyzer.analysis_20260318_014904 - WARNING - [ALERT] Detected 3 packets with high entropy (possible encryption/obfuscation)
2026-03-18 01:49:04,520 - ProtocolAnalyzer.analysis_20260318_014904 - INFO - [DNS] Checking for DNS tunneling...
2026-03-18 01:49:04,528 - ProtocolAnalyzer.analysis_20260318_014904 - WARNING - [ALERT] Detected 2 suspicious DNS queries (possible tunneling)
2026-03-18 01:49:04,602 - ProtocolAnalyzer.analysis_20260318_014904 - INFO - [C2] Checking for C2 beacon patterns...
2026-03-18 01:49:04,605 - ProtocolAnalyzer.analysis_20260318_014904 - WARNING - [ALERT] Regular beacon pattern detected to 45.33.22.11:4444
2026-03-18 01:49:04,611 - ProtocolAnalyzer.analysis_20260318_014904 - WARNING - [ALERT] Regular beacon pattern detected to 8.8.8.8:0
2026-03-18 01:49:04,612 - ProtocolAnalyzer.analysis_20260318_014904 - INFO - [SIZE] Analyzing packet size patterns...
2026-03-18 01:49:04,623 - ProtocolAnalyzer.analysis_20260318_014904 - INFO - [PORTS] Checking for suspicious port usage...
2026-03-18 01:49:04,648 - ProtocolAnalyzer.analysis_20260318_014904 - INFO - [PORTS] Traffic detected on suspicious ports: 53, 4444
2026-03-18 01:49:04,649 - ProtocolAnalyzer.analysis_20260318_014904 - INFO - [TIMING] Analyzing packet timing patterns...
2026-03-18 01:49:04,654 - ProtocolAnalyzer.analysis_20260318_014904 - INFO - [HTTP] Checking for HTTP anomalies...
2026-03-18 01:49:04,695 - ProtocolAnalyzer.analysis_20260318_014904 - INFO - [COMPLETE] Analysis completed in 0.34s
2026-03-18 01:49:04,703 - ProtocolAnalyzer.analysis_20260318_014904 - INFO -            Protocols detected: 1
2026-03-18 01:49:04,720 - ProtocolAnalyzer.analysis_20260318_014904 - INFO -            Flows reconstructed: 6
2026-03-18 01:49:04,739 - ProtocolAnalyzer.analysis_20260318_014904 - INFO -            Alerts generated: 6
