2026-03-19 17:01:17,373 - ProtocolAnalyzer.analysis_20260319_170117 - INFO - [TOOL] ProtocolAnalyzer initialized with ID: analysis_20260319_170117
2026-03-19 17:01:17,375 - ProtocolAnalyzer.analysis_20260319_170117 - INFO - [LOAD] Loaded 467 packets for analysis
2026-03-19 17:01:17,379 - ProtocolAnalyzer.analysis_20260319_170117 - INFO - [ANALYZE] Starting protocol analysis...
2026-03-19 17:01:17,380 - ProtocolAnalyzer.analysis_20260319_170117 - INFO - [PROTO] Identifying protocols...
2026-03-19 17:01:17,384 - ProtocolAnalyzer.analysis_20260319_170117 - INFO - [FLOWS] Reconstructing communication flows...
2026-03-19 17:01:17,390 - ProtocolAnalyzer.analysis_20260319_170117 - INFO - [FLOWS] Reconstructed 41 unique flows
2026-03-19 17:01:17,391 - ProtocolAnalyzer.analysis_20260319_170117 - INFO - [ENTROPY] Analyzing payload entropy...
2026-03-19 17:01:17,406 - ProtocolAnalyzer.analysis_20260319_170117 - WARNING - [ALERT] Detected 299 packets with high entropy (possible encryption/obfuscation)
2026-03-19 17:01:17,406 - ProtocolAnalyzer.analysis_20260319_170117 - INFO - [DNS] Checking for DNS tunneling...
2026-03-19 17:01:17,413 - ProtocolAnalyzer.analysis_20260319_170117 - WARNING - [ALERT] Detected 8 suspicious DNS queries (possible tunneling)
2026-03-19 17:01:17,414 - ProtocolAnalyzer.analysis_20260319_170117 - INFO - [C2] Checking for C2 beacon patterns...
2026-03-19 17:01:17,422 - ProtocolAnalyzer.analysis_20260319_170117 - INFO - [SIZE] Analyzing packet size patterns...
2026-03-19 17:01:17,430 - ProtocolAnalyzer.analysis_20260319_170117 - INFO - [PORTS] Checking for suspicious port usage...
2026-03-19 17:01:17,431 - ProtocolAnalyzer.analysis_20260319_170117 - INFO - [PORTS] Traffic detected on suspicious ports: 53
2026-03-19 17:01:17,432 - ProtocolAnalyzer.analysis_20260319_170117 - INFO - [TIMING] Analyzing packet timing patterns...
2026-03-19 17:01:17,437 - ProtocolAnalyzer.analysis_20260319_170117 - INFO - [HTTP] Checking for HTTP anomalies...
2026-03-19 17:01:17,438 - ProtocolAnalyzer.analysis_20260319_170117 - INFO - [COMPLETE] Analysis completed in 0.06s
2026-03-19 17:01:17,439 - ProtocolAnalyzer.analysis_20260319_170117 - INFO -            Protocols detected: 1
2026-03-19 17:01:17,440 - ProtocolAnalyzer.analysis_20260319_170117 - INFO -            Flows reconstructed: 41
2026-03-19 17:01:17,440 - ProtocolAnalyzer.analysis_20260319_170117 - INFO -            Alerts generated: 3
2026-03-19 17:01:17,448 - ProtocolAnalyzer.analysis_20260319_170117 - INFO - [REPORT] JSON report saved to: output/analysis/analysis_20260319_170117.json
2026-03-19 17:01:17,450 - ProtocolAnalyzer.analysis_20260319_170117 - INFO - [CLEAN] Protocol analyzer cleaned up
