2026-03-19 10:20:53,880 - ProtocolAnalyzer.analysis_20260319_102053 - INFO - [TOOL] ProtocolAnalyzer initialized with ID: analysis_20260319_102053
2026-03-19 10:20:53,884 - ProtocolAnalyzer.analysis_20260319_102053 - INFO - [LOAD] Loaded 319 packets for analysis
2026-03-19 10:20:53,885 - ProtocolAnalyzer.analysis_20260319_102053 - INFO - [ANALYZE] Starting protocol analysis...
2026-03-19 10:20:53,886 - ProtocolAnalyzer.analysis_20260319_102053 - INFO - [PROTO] Identifying protocols...
2026-03-19 10:20:53,889 - ProtocolAnalyzer.analysis_20260319_102053 - INFO - [FLOWS] Reconstructing communication flows...
2026-03-19 10:20:53,893 - ProtocolAnalyzer.analysis_20260319_102053 - INFO - [FLOWS] Reconstructed 39 unique flows
2026-03-19 10:20:53,893 - ProtocolAnalyzer.analysis_20260319_102053 - INFO - [ENTROPY] Analyzing payload entropy...
2026-03-19 10:20:53,903 - ProtocolAnalyzer.analysis_20260319_102053 - WARNING - [ALERT] Detected 175 packets with high entropy (possible encryption/obfuscation)
2026-03-19 10:20:53,904 - ProtocolAnalyzer.analysis_20260319_102053 - INFO - [DNS] Checking for DNS tunneling...
2026-03-19 10:20:53,907 - ProtocolAnalyzer.analysis_20260319_102053 - WARNING - [ALERT] Detected 4 suspicious DNS queries (possible tunneling)
2026-03-19 10:20:53,907 - ProtocolAnalyzer.analysis_20260319_102053 - INFO - [C2] Checking for C2 beacon patterns...
2026-03-19 10:20:53,909 - ProtocolAnalyzer.analysis_20260319_102053 - INFO - [SIZE] Analyzing packet size patterns...
2026-03-19 10:20:53,912 - ProtocolAnalyzer.analysis_20260319_102053 - INFO - [PORTS] Checking for suspicious port usage...
2026-03-19 10:20:53,913 - ProtocolAnalyzer.analysis_20260319_102053 - INFO - [PORTS] Traffic detected on suspicious ports: 53
2026-03-19 10:20:53,914 - ProtocolAnalyzer.analysis_20260319_102053 - INFO - [TIMING] Analyzing packet timing patterns...
2026-03-19 10:20:53,920 - ProtocolAnalyzer.analysis_20260319_102053 - INFO - [HTTP] Checking for HTTP anomalies...
2026-03-19 10:20:53,921 - ProtocolAnalyzer.analysis_20260319_102053 - INFO - [COMPLETE] Analysis completed in 0.03s
2026-03-19 10:20:53,922 - ProtocolAnalyzer.analysis_20260319_102053 - INFO -            Protocols detected: 1
2026-03-19 10:20:53,923 - ProtocolAnalyzer.analysis_20260319_102053 - INFO -            Flows reconstructed: 39
2026-03-19 10:20:53,923 - ProtocolAnalyzer.analysis_20260319_102053 - INFO -            Alerts generated: 3
2026-03-19 10:20:53,928 - ProtocolAnalyzer.analysis_20260319_102053 - INFO - [REPORT] JSON report saved to: output/analysis/analysis_20260319_102053.json
2026-03-19 10:20:53,929 - ProtocolAnalyzer.analysis_20260319_102053 - INFO - [CLEAN] Protocol analyzer cleaned up
