2026-03-18 05:45:38,354 - ProtocolAnalyzer.analysis_20260318_054538 - INFO - [TOOL] ProtocolAnalyzer initialized with ID: analysis_20260318_054538
2026-03-18 05:45:38,355 - ProtocolAnalyzer.analysis_20260318_054538 - INFO - [LOAD] Loaded 19 packets for analysis
2026-03-18 05:45:38,357 - ProtocolAnalyzer.analysis_20260318_054538 - INFO - [ANALYZE] Starting protocol analysis...
2026-03-18 05:45:38,357 - ProtocolAnalyzer.analysis_20260318_054538 - INFO - [PROTO] Identifying protocols...
2026-03-18 05:45:38,363 - ProtocolAnalyzer.analysis_20260318_054538 - INFO - [FLOWS] Reconstructing communication flows...
2026-03-18 05:45:38,364 - ProtocolAnalyzer.analysis_20260318_054538 - INFO - [FLOWS] Reconstructed 6 unique flows
2026-03-18 05:45:38,364 - ProtocolAnalyzer.analysis_20260318_054538 - INFO - [ENTROPY] Analyzing payload entropy...
2026-03-18 05:45:38,365 - ProtocolAnalyzer.analysis_20260318_054538 - WARNING - [ALERT] Detected 3 packets with high entropy (possible encryption/obfuscation)
2026-03-18 05:45:38,366 - ProtocolAnalyzer.analysis_20260318_054538 - INFO - [DNS] Checking for DNS tunneling...
2026-03-18 05:45:38,367 - ProtocolAnalyzer.analysis_20260318_054538 - WARNING - [ALERT] Detected 2 suspicious DNS queries (possible tunneling)
2026-03-18 05:45:38,368 - ProtocolAnalyzer.analysis_20260318_054538 - INFO - [C2] Checking for C2 beacon patterns...
2026-03-18 05:45:38,376 - ProtocolAnalyzer.analysis_20260318_054538 - WARNING - [ALERT] Regular beacon pattern detected to 45.33.22.11:4444
2026-03-18 05:45:38,380 - ProtocolAnalyzer.analysis_20260318_054538 - WARNING - [ALERT] Regular beacon pattern detected to 8.8.8.8:0
2026-03-18 05:45:38,381 - ProtocolAnalyzer.analysis_20260318_054538 - INFO - [SIZE] Analyzing packet size patterns...
2026-03-18 05:45:38,389 - ProtocolAnalyzer.analysis_20260318_054538 - INFO - [PORTS] Checking for suspicious port usage...
2026-03-18 05:45:38,390 - ProtocolAnalyzer.analysis_20260318_054538 - INFO - [PORTS] Traffic detected on suspicious ports: 53, 4444
2026-03-18 05:45:38,391 - ProtocolAnalyzer.analysis_20260318_054538 - INFO - [TIMING] Analyzing packet timing patterns...
2026-03-18 05:45:38,392 - ProtocolAnalyzer.analysis_20260318_054538 - INFO - [HTTP] Checking for HTTP anomalies...
2026-03-18 05:45:38,392 - ProtocolAnalyzer.analysis_20260318_054538 - INFO - [COMPLETE] Analysis completed in 0.03s
2026-03-18 05:45:38,393 - ProtocolAnalyzer.analysis_20260318_054538 - INFO -            Protocols detected: 1
2026-03-18 05:45:38,395 - ProtocolAnalyzer.analysis_20260318_054538 - INFO -            Flows reconstructed: 6
2026-03-18 05:45:38,397 - ProtocolAnalyzer.analysis_20260318_054538 - INFO -            Alerts generated: 6
2026-03-18 05:45:38,409 - ProtocolAnalyzer.analysis_20260318_054538 - INFO - [REPORT] Text report saved to: output/analysis/analysis_analysis_20260318_054538.txt
