2026-03-19 10:46:45,432 - ProtocolAnalyzer.analysis_20260319_104645 - INFO - [TOOL] ProtocolAnalyzer initialized with ID: analysis_20260319_104645
2026-03-19 10:46:45,446 - ProtocolAnalyzer.analysis_20260319_104645 - INFO - [LOAD] Loaded 231 packets for analysis
2026-03-19 10:46:45,480 - ProtocolAnalyzer.analysis_20260319_104645 - INFO - [ANALYZE] Starting protocol analysis...
2026-03-19 10:46:45,510 - ProtocolAnalyzer.analysis_20260319_104645 - INFO - [PROTO] Identifying protocols...
2026-03-19 10:46:45,568 - ProtocolAnalyzer.analysis_20260319_104645 - INFO - [FLOWS] Reconstructing communication flows...
2026-03-19 10:46:45,624 - ProtocolAnalyzer.analysis_20260319_104645 - INFO - [FLOWS] Reconstructed 31 unique flows
2026-03-19 10:46:45,645 - ProtocolAnalyzer.analysis_20260319_104645 - INFO - [ENTROPY] Analyzing payload entropy...
2026-03-19 10:46:45,668 - ProtocolAnalyzer.analysis_20260319_104645 - WARNING - [ALERT] Detected 121 packets with high entropy (possible encryption/obfuscation)
2026-03-19 10:46:45,675 - ProtocolAnalyzer.analysis_20260319_104645 - INFO - [DNS] Checking for DNS tunneling...
2026-03-19 10:46:45,679 - ProtocolAnalyzer.analysis_20260319_104645 - WARNING - [ALERT] Detected 4 suspicious DNS queries (possible tunneling)
2026-03-19 10:46:45,695 - ProtocolAnalyzer.analysis_20260319_104645 - INFO - [C2] Checking for C2 beacon patterns...
2026-03-19 10:46:45,700 - ProtocolAnalyzer.analysis_20260319_104645 - INFO - [SIZE] Analyzing packet size patterns...
2026-03-19 10:46:45,716 - ProtocolAnalyzer.analysis_20260319_104645 - INFO - [PORTS] Checking for suspicious port usage...
2026-03-19 10:46:45,736 - ProtocolAnalyzer.analysis_20260319_104645 - INFO - [PORTS] Traffic detected on suspicious ports: 53
2026-03-19 10:46:45,754 - ProtocolAnalyzer.analysis_20260319_104645 - INFO - [TIMING] Analyzing packet timing patterns...
2026-03-19 10:46:45,760 - ProtocolAnalyzer.analysis_20260319_104645 - INFO - [HTTP] Checking for HTTP anomalies...
2026-03-19 10:46:45,792 - ProtocolAnalyzer.analysis_20260319_104645 - INFO - [COMPLETE] Analysis completed in 0.28s
2026-03-19 10:46:45,805 - ProtocolAnalyzer.analysis_20260319_104645 - INFO -            Protocols detected: 1
2026-03-19 10:46:45,859 - ProtocolAnalyzer.analysis_20260319_104645 - INFO -            Flows reconstructed: 31
2026-03-19 10:46:45,897 - ProtocolAnalyzer.analysis_20260319_104645 - INFO -            Alerts generated: 3
2026-03-19 10:46:45,956 - ProtocolAnalyzer.analysis_20260319_104645 - INFO - [REPORT] JSON report saved to: output/analysis/analysis_20260319_104645.json
2026-03-19 10:46:45,968 - ProtocolAnalyzer.analysis_20260319_104645 - INFO - [CLEAN] Protocol analyzer cleaned up
