2026-03-19 10:18:11,518 - ProtocolAnalyzer.analysis_20260319_101811 - INFO - [TOOL] ProtocolAnalyzer initialized with ID: analysis_20260319_101811
2026-03-19 10:18:11,519 - ProtocolAnalyzer.analysis_20260319_101811 - INFO - [LOAD] Loaded 414 packets for analysis
2026-03-19 10:18:11,522 - ProtocolAnalyzer.analysis_20260319_101811 - INFO - [ANALYZE] Starting protocol analysis...
2026-03-19 10:18:11,522 - ProtocolAnalyzer.analysis_20260319_101811 - INFO - [PROTO] Identifying protocols...
2026-03-19 10:18:11,525 - ProtocolAnalyzer.analysis_20260319_101811 - INFO - [FLOWS] Reconstructing communication flows...
2026-03-19 10:18:11,528 - ProtocolAnalyzer.analysis_20260319_101811 - INFO - [FLOWS] Reconstructed 44 unique flows
2026-03-19 10:18:11,528 - ProtocolAnalyzer.analysis_20260319_101811 - INFO - [ENTROPY] Analyzing payload entropy...
2026-03-19 10:18:11,555 - ProtocolAnalyzer.analysis_20260319_101811 - WARNING - [ALERT] Detected 266 packets with high entropy (possible encryption/obfuscation)
2026-03-19 10:18:11,555 - ProtocolAnalyzer.analysis_20260319_101811 - INFO - [DNS] Checking for DNS tunneling...
2026-03-19 10:18:11,562 - ProtocolAnalyzer.analysis_20260319_101811 - WARNING - [ALERT] Detected 8 suspicious DNS queries (possible tunneling)
2026-03-19 10:18:11,563 - ProtocolAnalyzer.analysis_20260319_101811 - INFO - [C2] Checking for C2 beacon patterns...
2026-03-19 10:18:11,571 - ProtocolAnalyzer.analysis_20260319_101811 - INFO - [SIZE] Analyzing packet size patterns...
2026-03-19 10:18:11,582 - ProtocolAnalyzer.analysis_20260319_101811 - INFO - [PORTS] Checking for suspicious port usage...
2026-03-19 10:18:11,583 - ProtocolAnalyzer.analysis_20260319_101811 - INFO - [PORTS] Traffic detected on suspicious ports: 53
2026-03-19 10:18:11,584 - ProtocolAnalyzer.analysis_20260319_101811 - INFO - [TIMING] Analyzing packet timing patterns...
2026-03-19 10:18:11,589 - ProtocolAnalyzer.analysis_20260319_101811 - INFO - [HTTP] Checking for HTTP anomalies...
2026-03-19 10:18:11,590 - ProtocolAnalyzer.analysis_20260319_101811 - INFO - [COMPLETE] Analysis completed in 0.07s
2026-03-19 10:18:11,594 - ProtocolAnalyzer.analysis_20260319_101811 - INFO -            Protocols detected: 1
2026-03-19 10:18:11,596 - ProtocolAnalyzer.analysis_20260319_101811 - INFO -            Flows reconstructed: 44
2026-03-19 10:18:11,597 - ProtocolAnalyzer.analysis_20260319_101811 - INFO -            Alerts generated: 3
2026-03-19 10:18:11,605 - ProtocolAnalyzer.analysis_20260319_101811 - INFO - [REPORT] JSON report saved to: output/analysis/analysis_20260319_101811.json
2026-03-19 10:18:11,610 - ProtocolAnalyzer.analysis_20260319_101811 - INFO - [CLEAN] Protocol analyzer cleaned up
