2026-03-18 01:54:18,224 - ProtocolAnalyzer.analysis_20260318_015418 - INFO - [TOOL] ProtocolAnalyzer initialized with ID: analysis_20260318_015418
2026-03-18 01:54:18,226 - ProtocolAnalyzer.analysis_20260318_015418 - INFO - [LOAD] Loaded 19 packets for analysis
2026-03-18 01:54:18,227 - ProtocolAnalyzer.analysis_20260318_015418 - INFO - [ANALYZE] Starting protocol analysis...
2026-03-18 01:54:18,228 - ProtocolAnalyzer.analysis_20260318_015418 - INFO - [PROTO] Identifying protocols...
2026-03-18 01:54:18,229 - ProtocolAnalyzer.analysis_20260318_015418 - INFO - [FLOWS] Reconstructing communication flows...
2026-03-18 01:54:18,231 - ProtocolAnalyzer.analysis_20260318_015418 - INFO - [FLOWS] Reconstructed 6 unique flows
2026-03-18 01:54:18,231 - ProtocolAnalyzer.analysis_20260318_015418 - INFO - [ENTROPY] Analyzing payload entropy...
2026-03-18 01:54:18,233 - ProtocolAnalyzer.analysis_20260318_015418 - WARNING - [ALERT] Detected 3 packets with high entropy (possible encryption/obfuscation)
2026-03-18 01:54:18,234 - ProtocolAnalyzer.analysis_20260318_015418 - INFO - [DNS] Checking for DNS tunneling...
2026-03-18 01:54:18,236 - ProtocolAnalyzer.analysis_20260318_015418 - WARNING - [ALERT] Detected 2 suspicious DNS queries (possible tunneling)
2026-03-18 01:54:18,236 - ProtocolAnalyzer.analysis_20260318_015418 - INFO - [C2] Checking for C2 beacon patterns...
2026-03-18 01:54:18,238 - ProtocolAnalyzer.analysis_20260318_015418 - WARNING - [ALERT] Regular beacon pattern detected to 45.33.22.11:4444
2026-03-18 01:54:18,239 - ProtocolAnalyzer.analysis_20260318_015418 - WARNING - [ALERT] Regular beacon pattern detected to 8.8.8.8:0
2026-03-18 01:54:18,239 - ProtocolAnalyzer.analysis_20260318_015418 - INFO - [SIZE] Analyzing packet size patterns...
2026-03-18 01:54:18,241 - ProtocolAnalyzer.analysis_20260318_015418 - INFO - [PORTS] Checking for suspicious port usage...
2026-03-18 01:54:18,242 - ProtocolAnalyzer.analysis_20260318_015418 - INFO - [PORTS] Traffic detected on suspicious ports: 53, 4444
2026-03-18 01:54:18,243 - ProtocolAnalyzer.analysis_20260318_015418 - INFO - [TIMING] Analyzing packet timing patterns...
2026-03-18 01:54:18,244 - ProtocolAnalyzer.analysis_20260318_015418 - INFO - [HTTP] Checking for HTTP anomalies...
2026-03-18 01:54:18,245 - ProtocolAnalyzer.analysis_20260318_015418 - INFO - [COMPLETE] Analysis completed in 0.02s
2026-03-18 01:54:18,245 - ProtocolAnalyzer.analysis_20260318_015418 - INFO -            Protocols detected: 1
2026-03-18 01:54:18,246 - ProtocolAnalyzer.analysis_20260318_015418 - INFO -            Flows reconstructed: 6
2026-03-18 01:54:18,247 - ProtocolAnalyzer.analysis_20260318_015418 - INFO -            Alerts generated: 6
2026-03-18 01:54:18,259 - ProtocolAnalyzer.analysis_20260318_015418 - INFO - [REPORT] Text report saved to: output/analysis/analysis_analysis_20260318_015418.txt
