2026-03-19 11:02:12,443 - ProtocolAnalyzer.analysis_20260319_110212 - INFO - [TOOL] ProtocolAnalyzer initialized with ID: analysis_20260319_110212
2026-03-19 11:02:12,445 - ProtocolAnalyzer.analysis_20260319_110212 - INFO - [LOAD] Loaded 453 packets for analysis
2026-03-19 11:02:12,448 - ProtocolAnalyzer.analysis_20260319_110212 - INFO - [ANALYZE] Starting protocol analysis...
2026-03-19 11:02:12,449 - ProtocolAnalyzer.analysis_20260319_110212 - INFO - [PROTO] Identifying protocols...
2026-03-19 11:02:12,451 - ProtocolAnalyzer.analysis_20260319_110212 - INFO - [FLOWS] Reconstructing communication flows...
2026-03-19 11:02:12,457 - ProtocolAnalyzer.analysis_20260319_110212 - INFO - [FLOWS] Reconstructed 36 unique flows
2026-03-19 11:02:12,457 - ProtocolAnalyzer.analysis_20260319_110212 - INFO - [ENTROPY] Analyzing payload entropy...
2026-03-19 11:02:12,483 - ProtocolAnalyzer.analysis_20260319_110212 - WARNING - [ALERT] Detected 285 packets with high entropy (possible encryption/obfuscation)
2026-03-19 11:02:12,484 - ProtocolAnalyzer.analysis_20260319_110212 - INFO - [DNS] Checking for DNS tunneling...
2026-03-19 11:02:12,492 - ProtocolAnalyzer.analysis_20260319_110212 - WARNING - [ALERT] Detected 6 suspicious DNS queries (possible tunneling)
2026-03-19 11:02:12,493 - ProtocolAnalyzer.analysis_20260319_110212 - INFO - [C2] Checking for C2 beacon patterns...
2026-03-19 11:02:12,497 - ProtocolAnalyzer.analysis_20260319_110212 - INFO - [SIZE] Analyzing packet size patterns...
2026-03-19 11:02:12,502 - ProtocolAnalyzer.analysis_20260319_110212 - INFO - [PORTS] Checking for suspicious port usage...
2026-03-19 11:02:12,511 - ProtocolAnalyzer.analysis_20260319_110212 - INFO - [PORTS] Traffic detected on suspicious ports: 53
2026-03-19 11:02:12,515 - ProtocolAnalyzer.analysis_20260319_110212 - INFO - [TIMING] Analyzing packet timing patterns...
2026-03-19 11:02:12,527 - ProtocolAnalyzer.analysis_20260319_110212 - INFO - [HTTP] Checking for HTTP anomalies...
2026-03-19 11:02:12,535 - ProtocolAnalyzer.analysis_20260319_110212 - INFO - [COMPLETE] Analysis completed in 0.09s
2026-03-19 11:02:12,538 - ProtocolAnalyzer.analysis_20260319_110212 - INFO -            Protocols detected: 1
2026-03-19 11:02:12,546 - ProtocolAnalyzer.analysis_20260319_110212 - INFO -            Flows reconstructed: 36
2026-03-19 11:02:12,548 - ProtocolAnalyzer.analysis_20260319_110212 - INFO -            Alerts generated: 4
2026-03-19 11:02:12,561 - ProtocolAnalyzer.analysis_20260319_110212 - INFO - [REPORT] JSON report saved to: output/analysis/analysis_20260319_110212.json
2026-03-19 11:02:12,564 - ProtocolAnalyzer.analysis_20260319_110212 - INFO - [CLEAN] Protocol analyzer cleaned up
