2026-03-19 07:40:43,694 - ProtocolAnalyzer.analysis_20260319_074043 - INFO - [TOOL] ProtocolAnalyzer initialized with ID: analysis_20260319_074043
2026-03-19 07:40:43,697 - ProtocolAnalyzer.analysis_20260319_074043 - INFO - [LOAD] Loaded 317 packets for analysis
2026-03-19 07:40:43,699 - ProtocolAnalyzer.analysis_20260319_074043 - INFO - [ANALYZE] Starting protocol analysis...
2026-03-19 07:40:43,700 - ProtocolAnalyzer.analysis_20260319_074043 - INFO - [PROTO] Identifying protocols...
2026-03-19 07:40:43,703 - ProtocolAnalyzer.analysis_20260319_074043 - INFO - [FLOWS] Reconstructing communication flows...
2026-03-19 07:40:43,707 - ProtocolAnalyzer.analysis_20260319_074043 - INFO - [FLOWS] Reconstructed 43 unique flows
2026-03-19 07:40:43,708 - ProtocolAnalyzer.analysis_20260319_074043 - INFO - [ENTROPY] Analyzing payload entropy...
2026-03-19 07:40:43,727 - ProtocolAnalyzer.analysis_20260319_074043 - WARNING - [ALERT] Detected 177 packets with high entropy (possible encryption/obfuscation)
2026-03-19 07:40:43,727 - ProtocolAnalyzer.analysis_20260319_074043 - INFO - [DNS] Checking for DNS tunneling...
2026-03-19 07:40:43,733 - ProtocolAnalyzer.analysis_20260319_074043 - WARNING - [ALERT] Detected 4 suspicious DNS queries (possible tunneling)
2026-03-19 07:40:43,733 - ProtocolAnalyzer.analysis_20260319_074043 - INFO - [C2] Checking for C2 beacon patterns...
2026-03-19 07:40:43,738 - ProtocolAnalyzer.analysis_20260319_074043 - INFO - [SIZE] Analyzing packet size patterns...
2026-03-19 07:40:43,740 - ProtocolAnalyzer.analysis_20260319_074043 - INFO - [PORTS] Checking for suspicious port usage...
2026-03-19 07:40:43,743 - ProtocolAnalyzer.analysis_20260319_074043 - INFO - [PORTS] Traffic detected on suspicious ports: 53
2026-03-19 07:40:43,743 - ProtocolAnalyzer.analysis_20260319_074043 - INFO - [TIMING] Analyzing packet timing patterns...
2026-03-19 07:40:43,750 - ProtocolAnalyzer.analysis_20260319_074043 - INFO - [HTTP] Checking for HTTP anomalies...
2026-03-19 07:40:43,752 - ProtocolAnalyzer.analysis_20260319_074043 - INFO - [COMPLETE] Analysis completed in 0.05s
2026-03-19 07:40:43,752 - ProtocolAnalyzer.analysis_20260319_074043 - INFO -            Protocols detected: 1
2026-03-19 07:40:43,753 - ProtocolAnalyzer.analysis_20260319_074043 - INFO -            Flows reconstructed: 43
2026-03-19 07:40:43,753 - ProtocolAnalyzer.analysis_20260319_074043 - INFO -            Alerts generated: 3
2026-03-19 07:40:43,765 - ProtocolAnalyzer.analysis_20260319_074043 - INFO - [REPORT] JSON report saved to: output/analysis/analysis_20260319_074043.json
2026-03-19 07:40:43,767 - ProtocolAnalyzer.analysis_20260319_074043 - INFO - [CLEAN] Protocol analyzer cleaned up
