2026-03-19 10:25:38,184 - ProtocolAnalyzer.analysis_20260319_102538 - INFO - [TOOL] ProtocolAnalyzer initialized with ID: analysis_20260319_102538
2026-03-19 10:25:38,187 - ProtocolAnalyzer.analysis_20260319_102538 - INFO - [LOAD] Loaded 621 packets for analysis
2026-03-19 10:25:38,189 - ProtocolAnalyzer.analysis_20260319_102538 - INFO - [ANALYZE] Starting protocol analysis...
2026-03-19 10:25:38,190 - ProtocolAnalyzer.analysis_20260319_102538 - INFO - [PROTO] Identifying protocols...
2026-03-19 10:25:38,193 - ProtocolAnalyzer.analysis_20260319_102538 - INFO - [FLOWS] Reconstructing communication flows...
2026-03-19 10:25:38,199 - ProtocolAnalyzer.analysis_20260319_102538 - INFO - [FLOWS] Reconstructed 48 unique flows
2026-03-19 10:25:38,201 - ProtocolAnalyzer.analysis_20260319_102538 - INFO - [ENTROPY] Analyzing payload entropy...
2026-03-19 10:25:38,239 - ProtocolAnalyzer.analysis_20260319_102538 - WARNING - [ALERT] Detected 379 packets with high entropy (possible encryption/obfuscation)
2026-03-19 10:25:38,240 - ProtocolAnalyzer.analysis_20260319_102538 - INFO - [DNS] Checking for DNS tunneling...
2026-03-19 10:25:38,251 - ProtocolAnalyzer.analysis_20260319_102538 - WARNING - [ALERT] Detected 6 suspicious DNS queries (possible tunneling)
2026-03-19 10:25:38,255 - ProtocolAnalyzer.analysis_20260319_102538 - INFO - [C2] Checking for C2 beacon patterns...
2026-03-19 10:25:38,259 - ProtocolAnalyzer.analysis_20260319_102538 - INFO - [SIZE] Analyzing packet size patterns...
2026-03-19 10:25:38,271 - ProtocolAnalyzer.analysis_20260319_102538 - INFO - [PORTS] Checking for suspicious port usage...
2026-03-19 10:25:38,299 - ProtocolAnalyzer.analysis_20260319_102538 - INFO - [PORTS] Traffic detected on suspicious ports: 53
2026-03-19 10:25:38,300 - ProtocolAnalyzer.analysis_20260319_102538 - INFO - [TIMING] Analyzing packet timing patterns...
2026-03-19 10:25:38,315 - ProtocolAnalyzer.analysis_20260319_102538 - INFO - [HTTP] Checking for HTTP anomalies...
2026-03-19 10:25:38,317 - ProtocolAnalyzer.analysis_20260319_102538 - INFO - [COMPLETE] Analysis completed in 0.13s
2026-03-19 10:25:38,319 - ProtocolAnalyzer.analysis_20260319_102538 - INFO -            Protocols detected: 2
2026-03-19 10:25:38,322 - ProtocolAnalyzer.analysis_20260319_102538 - INFO -            Flows reconstructed: 48
2026-03-19 10:25:38,323 - ProtocolAnalyzer.analysis_20260319_102538 - INFO -            Alerts generated: 4
2026-03-19 10:25:38,339 - ProtocolAnalyzer.analysis_20260319_102538 - INFO - [REPORT] JSON report saved to: output/analysis/analysis_20260319_102538.json
2026-03-19 10:25:38,342 - ProtocolAnalyzer.analysis_20260319_102538 - INFO - [CLEAN] Protocol analyzer cleaned up
