2026-03-19 10:45:42,346 - ProtocolAnalyzer.analysis_20260319_104542 - INFO - [TOOL] ProtocolAnalyzer initialized with ID: analysis_20260319_104542
2026-03-19 10:45:42,352 - ProtocolAnalyzer.analysis_20260319_104542 - INFO - [LOAD] Loaded 460 packets for analysis
2026-03-19 10:45:42,354 - ProtocolAnalyzer.analysis_20260319_104542 - INFO - [ANALYZE] Starting protocol analysis...
2026-03-19 10:45:42,355 - ProtocolAnalyzer.analysis_20260319_104542 - INFO - [PROTO] Identifying protocols...
2026-03-19 10:45:42,362 - ProtocolAnalyzer.analysis_20260319_104542 - INFO - [FLOWS] Reconstructing communication flows...
2026-03-19 10:45:42,369 - ProtocolAnalyzer.analysis_20260319_104542 - INFO - [FLOWS] Reconstructed 39 unique flows
2026-03-19 10:45:42,370 - ProtocolAnalyzer.analysis_20260319_104542 - INFO - [ENTROPY] Analyzing payload entropy...
2026-03-19 10:45:42,395 - ProtocolAnalyzer.analysis_20260319_104542 - WARNING - [ALERT] Detected 295 packets with high entropy (possible encryption/obfuscation)
2026-03-19 10:45:42,396 - ProtocolAnalyzer.analysis_20260319_104542 - INFO - [DNS] Checking for DNS tunneling...
2026-03-19 10:45:42,404 - ProtocolAnalyzer.analysis_20260319_104542 - WARNING - [ALERT] Detected 2 suspicious DNS queries (possible tunneling)
2026-03-19 10:45:42,405 - ProtocolAnalyzer.analysis_20260319_104542 - INFO - [C2] Checking for C2 beacon patterns...
2026-03-19 10:45:42,407 - ProtocolAnalyzer.analysis_20260319_104542 - INFO - [SIZE] Analyzing packet size patterns...
2026-03-19 10:45:42,412 - ProtocolAnalyzer.analysis_20260319_104542 - INFO - [PORTS] Checking for suspicious port usage...
2026-03-19 10:45:42,414 - ProtocolAnalyzer.analysis_20260319_104542 - INFO - [PORTS] Traffic detected on suspicious ports: 53
2026-03-19 10:45:42,415 - ProtocolAnalyzer.analysis_20260319_104542 - INFO - [TIMING] Analyzing packet timing patterns...
2026-03-19 10:45:42,427 - ProtocolAnalyzer.analysis_20260319_104542 - INFO - [HTTP] Checking for HTTP anomalies...
2026-03-19 10:45:42,430 - ProtocolAnalyzer.analysis_20260319_104542 - INFO - [COMPLETE] Analysis completed in 0.07s
2026-03-19 10:45:42,431 - ProtocolAnalyzer.analysis_20260319_104542 - INFO -            Protocols detected: 1
2026-03-19 10:45:42,436 - ProtocolAnalyzer.analysis_20260319_104542 - INFO -            Flows reconstructed: 39
2026-03-19 10:45:42,437 - ProtocolAnalyzer.analysis_20260319_104542 - INFO -            Alerts generated: 3
2026-03-19 10:45:42,447 - ProtocolAnalyzer.analysis_20260319_104542 - INFO - [REPORT] JSON report saved to: output/analysis/analysis_20260319_104542.json
2026-03-19 10:45:42,452 - ProtocolAnalyzer.analysis_20260319_104542 - INFO - [CLEAN] Protocol analyzer cleaned up
