2026-03-19 10:42:19,242 - ProtocolAnalyzer.analysis_20260319_104219 - INFO - [TOOL] ProtocolAnalyzer initialized with ID: analysis_20260319_104219
2026-03-19 10:42:19,243 - ProtocolAnalyzer.analysis_20260319_104219 - INFO - [LOAD] Loaded 307 packets for analysis
2026-03-19 10:42:19,246 - ProtocolAnalyzer.analysis_20260319_104219 - INFO - [ANALYZE] Starting protocol analysis...
2026-03-19 10:42:19,247 - ProtocolAnalyzer.analysis_20260319_104219 - INFO - [PROTO] Identifying protocols...
2026-03-19 10:42:19,248 - ProtocolAnalyzer.analysis_20260319_104219 - INFO - [FLOWS] Reconstructing communication flows...
2026-03-19 10:42:19,251 - ProtocolAnalyzer.analysis_20260319_104219 - INFO - [FLOWS] Reconstructed 33 unique flows
2026-03-19 10:42:19,252 - ProtocolAnalyzer.analysis_20260319_104219 - INFO - [ENTROPY] Analyzing payload entropy...
2026-03-19 10:42:19,270 - ProtocolAnalyzer.analysis_20260319_104219 - WARNING - [ALERT] Detected 164 packets with high entropy (possible encryption/obfuscation)
2026-03-19 10:42:19,271 - ProtocolAnalyzer.analysis_20260319_104219 - INFO - [DNS] Checking for DNS tunneling...
2026-03-19 10:42:19,275 - ProtocolAnalyzer.analysis_20260319_104219 - INFO - [C2] Checking for C2 beacon patterns...
2026-03-19 10:42:19,277 - ProtocolAnalyzer.analysis_20260319_104219 - INFO - [SIZE] Analyzing packet size patterns...
2026-03-19 10:42:19,279 - ProtocolAnalyzer.analysis_20260319_104219 - INFO - [PORTS] Checking for suspicious port usage...
2026-03-19 10:42:19,280 - ProtocolAnalyzer.analysis_20260319_104219 - INFO - [PORTS] Traffic detected on suspicious ports: 53
2026-03-19 10:42:19,281 - ProtocolAnalyzer.analysis_20260319_104219 - INFO - [TIMING] Analyzing packet timing patterns...
2026-03-19 10:42:19,286 - ProtocolAnalyzer.analysis_20260319_104219 - INFO - [HTTP] Checking for HTTP anomalies...
2026-03-19 10:42:19,287 - ProtocolAnalyzer.analysis_20260319_104219 - INFO - [COMPLETE] Analysis completed in 0.04s
2026-03-19 10:42:19,288 - ProtocolAnalyzer.analysis_20260319_104219 - INFO -            Protocols detected: 1
2026-03-19 10:42:19,289 - ProtocolAnalyzer.analysis_20260319_104219 - INFO -            Flows reconstructed: 33
2026-03-19 10:42:19,289 - ProtocolAnalyzer.analysis_20260319_104219 - INFO -            Alerts generated: 3
2026-03-19 10:42:19,295 - ProtocolAnalyzer.analysis_20260319_104219 - INFO - [REPORT] JSON report saved to: output/analysis/analysis_20260319_104219.json
2026-03-19 10:42:19,297 - ProtocolAnalyzer.analysis_20260319_104219 - INFO - [CLEAN] Protocol analyzer cleaned up
