2026-03-19 07:32:26,973 - ProtocolAnalyzer.analysis_20260319_073226 - INFO - [TOOL] ProtocolAnalyzer initialized with ID: analysis_20260319_073226
2026-03-19 07:32:26,975 - ProtocolAnalyzer.analysis_20260319_073226 - INFO - [LOAD] Loaded 580 packets for analysis
2026-03-19 07:32:26,977 - ProtocolAnalyzer.analysis_20260319_073226 - INFO - [ANALYZE] Starting protocol analysis...
2026-03-19 07:32:26,978 - ProtocolAnalyzer.analysis_20260319_073226 - INFO - [PROTO] Identifying protocols...
2026-03-19 07:32:26,992 - ProtocolAnalyzer.analysis_20260319_073226 - INFO - [FLOWS] Reconstructing communication flows...
2026-03-19 07:32:27,005 - ProtocolAnalyzer.analysis_20260319_073226 - INFO - [FLOWS] Reconstructed 46 unique flows
2026-03-19 07:32:27,007 - ProtocolAnalyzer.analysis_20260319_073226 - INFO - [ENTROPY] Analyzing payload entropy...
2026-03-19 07:32:27,053 - ProtocolAnalyzer.analysis_20260319_073226 - WARNING - [ALERT] Detected 322 packets with high entropy (possible encryption/obfuscation)
2026-03-19 07:32:27,057 - ProtocolAnalyzer.analysis_20260319_073226 - INFO - [DNS] Checking for DNS tunneling...
2026-03-19 07:32:27,075 - ProtocolAnalyzer.analysis_20260319_073226 - WARNING - [ALERT] Detected 4 suspicious DNS queries (possible tunneling)
2026-03-19 07:32:27,078 - ProtocolAnalyzer.analysis_20260319_073226 - INFO - [C2] Checking for C2 beacon patterns...
2026-03-19 07:32:27,088 - ProtocolAnalyzer.analysis_20260319_073226 - INFO - [SIZE] Analyzing packet size patterns...
2026-03-19 07:32:27,092 - ProtocolAnalyzer.analysis_20260319_073226 - INFO - [PORTS] Checking for suspicious port usage...
2026-03-19 07:32:27,094 - ProtocolAnalyzer.analysis_20260319_073226 - INFO - [PORTS] Traffic detected on suspicious ports: 53
2026-03-19 07:32:27,094 - ProtocolAnalyzer.analysis_20260319_073226 - INFO - [TIMING] Analyzing packet timing patterns...
2026-03-19 07:32:27,111 - ProtocolAnalyzer.analysis_20260319_073226 - INFO - [HTTP] Checking for HTTP anomalies...
2026-03-19 07:32:27,113 - ProtocolAnalyzer.analysis_20260319_073226 - INFO - [COMPLETE] Analysis completed in 0.13s
2026-03-19 07:32:27,117 - ProtocolAnalyzer.analysis_20260319_073226 - INFO -            Protocols detected: 1
2026-03-19 07:32:27,121 - ProtocolAnalyzer.analysis_20260319_073226 - INFO -            Flows reconstructed: 46
2026-03-19 07:32:27,123 - ProtocolAnalyzer.analysis_20260319_073226 - INFO -            Alerts generated: 5
2026-03-19 07:32:27,141 - ProtocolAnalyzer.analysis_20260319_073226 - INFO - [REPORT] JSON report saved to: output/analysis/analysis_20260319_073226.json
2026-03-19 07:32:27,155 - ProtocolAnalyzer.analysis_20260319_073226 - INFO - [CLEAN] Protocol analyzer cleaned up
