2026-03-19 07:24:47,736 - ProtocolAnalyzer.analysis_20260319_072447 - INFO - [TOOL] ProtocolAnalyzer initialized with ID: analysis_20260319_072447
2026-03-19 07:24:47,737 - ProtocolAnalyzer.analysis_20260319_072447 - INFO - [LOAD] Loaded 279 packets for analysis
2026-03-19 07:24:47,739 - ProtocolAnalyzer.analysis_20260319_072447 - INFO - [ANALYZE] Starting protocol analysis...
2026-03-19 07:24:47,740 - ProtocolAnalyzer.analysis_20260319_072447 - INFO - [PROTO] Identifying protocols...
2026-03-19 07:24:47,743 - ProtocolAnalyzer.analysis_20260319_072447 - INFO - [FLOWS] Reconstructing communication flows...
2026-03-19 07:24:47,756 - ProtocolAnalyzer.analysis_20260319_072447 - INFO - [FLOWS] Reconstructed 40 unique flows
2026-03-19 07:24:47,759 - ProtocolAnalyzer.analysis_20260319_072447 - INFO - [ENTROPY] Analyzing payload entropy...
2026-03-19 07:24:47,770 - ProtocolAnalyzer.analysis_20260319_072447 - WARNING - [ALERT] Detected 166 packets with high entropy (possible encryption/obfuscation)
2026-03-19 07:24:47,771 - ProtocolAnalyzer.analysis_20260319_072447 - INFO - [DNS] Checking for DNS tunneling...
2026-03-19 07:24:47,775 - ProtocolAnalyzer.analysis_20260319_072447 - WARNING - [ALERT] Detected 4 suspicious DNS queries (possible tunneling)
2026-03-19 07:24:47,775 - ProtocolAnalyzer.analysis_20260319_072447 - INFO - [C2] Checking for C2 beacon patterns...
2026-03-19 07:24:47,787 - ProtocolAnalyzer.analysis_20260319_072447 - INFO - [SIZE] Analyzing packet size patterns...
2026-03-19 07:24:47,795 - ProtocolAnalyzer.analysis_20260319_072447 - INFO - [PORTS] Checking for suspicious port usage...
2026-03-19 07:24:47,800 - ProtocolAnalyzer.analysis_20260319_072447 - INFO - [PORTS] Traffic detected on suspicious ports: 53
2026-03-19 07:24:47,802 - ProtocolAnalyzer.analysis_20260319_072447 - INFO - [TIMING] Analyzing packet timing patterns...
2026-03-19 07:24:47,807 - ProtocolAnalyzer.analysis_20260319_072447 - INFO - [HTTP] Checking for HTTP anomalies...
2026-03-19 07:24:47,860 - ProtocolAnalyzer.analysis_20260319_072447 - INFO - [COMPLETE] Analysis completed in 0.12s
2026-03-19 07:24:47,906 - ProtocolAnalyzer.analysis_20260319_072447 - INFO -            Protocols detected: 1
2026-03-19 07:24:47,927 - ProtocolAnalyzer.analysis_20260319_072447 - INFO -            Flows reconstructed: 40
2026-03-19 07:24:47,951 - ProtocolAnalyzer.analysis_20260319_072447 - INFO -            Alerts generated: 3
2026-03-19 07:24:47,970 - ProtocolAnalyzer.analysis_20260319_072447 - INFO - [REPORT] JSON report saved to: output/analysis/analysis_20260319_072447.json
2026-03-19 07:24:48,021 - ProtocolAnalyzer.analysis_20260319_072447 - INFO - [CLEAN] Protocol analyzer cleaned up
