2026-03-19 07:59:49,065 - ProtocolAnalyzer.analysis_20260319_075949 - INFO - [TOOL] ProtocolAnalyzer initialized with ID: analysis_20260319_075949
2026-03-19 07:59:49,072 - ProtocolAnalyzer.analysis_20260319_075949 - INFO - [LOAD] Loaded 332 packets for analysis
2026-03-19 07:59:49,077 - ProtocolAnalyzer.analysis_20260319_075949 - INFO - [ANALYZE] Starting protocol analysis...
2026-03-19 07:59:49,084 - ProtocolAnalyzer.analysis_20260319_075949 - INFO - [PROTO] Identifying protocols...
2026-03-19 07:59:49,086 - ProtocolAnalyzer.analysis_20260319_075949 - INFO - [FLOWS] Reconstructing communication flows...
2026-03-19 07:59:49,088 - ProtocolAnalyzer.analysis_20260319_075949 - INFO - [FLOWS] Reconstructed 44 unique flows
2026-03-19 07:59:49,089 - ProtocolAnalyzer.analysis_20260319_075949 - INFO - [ENTROPY] Analyzing payload entropy...
2026-03-19 07:59:49,103 - ProtocolAnalyzer.analysis_20260319_075949 - WARNING - [ALERT] Detected 186 packets with high entropy (possible encryption/obfuscation)
2026-03-19 07:59:49,104 - ProtocolAnalyzer.analysis_20260319_075949 - INFO - [DNS] Checking for DNS tunneling...
2026-03-19 07:59:49,114 - ProtocolAnalyzer.analysis_20260319_075949 - WARNING - [ALERT] Detected 4 suspicious DNS queries (possible tunneling)
2026-03-19 07:59:49,115 - ProtocolAnalyzer.analysis_20260319_075949 - INFO - [C2] Checking for C2 beacon patterns...
2026-03-19 07:59:49,117 - ProtocolAnalyzer.analysis_20260319_075949 - INFO - [SIZE] Analyzing packet size patterns...
2026-03-19 07:59:49,145 - ProtocolAnalyzer.analysis_20260319_075949 - INFO - [PORTS] Checking for suspicious port usage...
2026-03-19 07:59:49,147 - ProtocolAnalyzer.analysis_20260319_075949 - INFO - [PORTS] Traffic detected on suspicious ports: 53
2026-03-19 07:59:49,148 - ProtocolAnalyzer.analysis_20260319_075949 - INFO - [TIMING] Analyzing packet timing patterns...
2026-03-19 07:59:49,151 - ProtocolAnalyzer.analysis_20260319_075949 - INFO - [HTTP] Checking for HTTP anomalies...
2026-03-19 07:59:49,152 - ProtocolAnalyzer.analysis_20260319_075949 - INFO - [COMPLETE] Analysis completed in 0.07s
2026-03-19 07:59:49,153 - ProtocolAnalyzer.analysis_20260319_075949 - INFO -            Protocols detected: 1
2026-03-19 07:59:49,153 - ProtocolAnalyzer.analysis_20260319_075949 - INFO -            Flows reconstructed: 44
2026-03-19 07:59:49,154 - ProtocolAnalyzer.analysis_20260319_075949 - INFO -            Alerts generated: 3
2026-03-19 07:59:49,163 - ProtocolAnalyzer.analysis_20260319_075949 - INFO - [REPORT] JSON report saved to: output/analysis/analysis_20260319_075949.json
2026-03-19 07:59:49,164 - ProtocolAnalyzer.analysis_20260319_075949 - INFO - [CLEAN] Protocol analyzer cleaned up
