2026-03-19 07:46:12,142 - ProtocolAnalyzer.analysis_20260319_074612 - INFO - [TOOL] ProtocolAnalyzer initialized with ID: analysis_20260319_074612
2026-03-19 07:46:12,144 - ProtocolAnalyzer.analysis_20260319_074612 - INFO - [LOAD] Loaded 346 packets for analysis
2026-03-19 07:46:12,146 - ProtocolAnalyzer.analysis_20260319_074612 - INFO - [ANALYZE] Starting protocol analysis...
2026-03-19 07:46:12,147 - ProtocolAnalyzer.analysis_20260319_074612 - INFO - [PROTO] Identifying protocols...
2026-03-19 07:46:12,150 - ProtocolAnalyzer.analysis_20260319_074612 - INFO - [FLOWS] Reconstructing communication flows...
2026-03-19 07:46:12,155 - ProtocolAnalyzer.analysis_20260319_074612 - INFO - [FLOWS] Reconstructed 49 unique flows
2026-03-19 07:46:12,156 - ProtocolAnalyzer.analysis_20260319_074612 - INFO - [ENTROPY] Analyzing payload entropy...
2026-03-19 07:46:12,170 - ProtocolAnalyzer.analysis_20260319_074612 - WARNING - [ALERT] Detected 203 packets with high entropy (possible encryption/obfuscation)
2026-03-19 07:46:12,170 - ProtocolAnalyzer.analysis_20260319_074612 - INFO - [DNS] Checking for DNS tunneling...
2026-03-19 07:46:12,176 - ProtocolAnalyzer.analysis_20260319_074612 - WARNING - [ALERT] Detected 4 suspicious DNS queries (possible tunneling)
2026-03-19 07:46:12,177 - ProtocolAnalyzer.analysis_20260319_074612 - INFO - [C2] Checking for C2 beacon patterns...
2026-03-19 07:46:12,180 - ProtocolAnalyzer.analysis_20260319_074612 - INFO - [SIZE] Analyzing packet size patterns...
2026-03-19 07:46:12,181 - ProtocolAnalyzer.analysis_20260319_074612 - INFO - [PORTS] Checking for suspicious port usage...
2026-03-19 07:46:12,182 - ProtocolAnalyzer.analysis_20260319_074612 - INFO - [PORTS] Traffic detected on suspicious ports: 53
2026-03-19 07:46:12,183 - ProtocolAnalyzer.analysis_20260319_074612 - INFO - [TIMING] Analyzing packet timing patterns...
2026-03-19 07:46:12,194 - ProtocolAnalyzer.analysis_20260319_074612 - INFO - [HTTP] Checking for HTTP anomalies...
2026-03-19 07:46:12,195 - ProtocolAnalyzer.analysis_20260319_074612 - INFO - [COMPLETE] Analysis completed in 0.05s
2026-03-19 07:46:12,196 - ProtocolAnalyzer.analysis_20260319_074612 - INFO -            Protocols detected: 1
2026-03-19 07:46:12,196 - ProtocolAnalyzer.analysis_20260319_074612 - INFO -            Flows reconstructed: 49
2026-03-19 07:46:12,197 - ProtocolAnalyzer.analysis_20260319_074612 - INFO -            Alerts generated: 3
2026-03-19 07:46:12,208 - ProtocolAnalyzer.analysis_20260319_074612 - INFO - [REPORT] JSON report saved to: output/analysis/analysis_20260319_074612.json
2026-03-19 07:46:12,209 - ProtocolAnalyzer.analysis_20260319_074612 - INFO - [CLEAN] Protocol analyzer cleaned up
