2026-03-19 07:59:49,231 - SignatureGenerator.siggen_20260319_075949 - INFO - [TOOL] SignatureGenerator initialized with ID: siggen_20260319_075949
2026-03-19 07:59:49,231 - SignatureGenerator.siggen_20260319_075949 - INFO - [LOAD] Loaded protocol analysis with 3 alerts
2026-03-19 07:59:49,232 - SignatureGenerator.siggen_20260319_075949 - INFO - [LOAD] Loaded exfiltration results with 2 alerts
2026-03-19 07:59:49,233 - SignatureGenerator.siggen_20260319_075949 - INFO - [LOAD] Loaded 332 packets for pattern extraction
2026-03-19 07:59:49,233 - SignatureGenerator.siggen_20260319_075949 - INFO - [GENERATE] Starting signature generation...
2026-03-19 07:59:49,248 - SignatureGenerator.siggen_20260319_075949 - INFO - [PATTERNS] Extracting patterns from alerts...
2026-03-19 07:59:49,248 - SignatureGenerator.siggen_20260319_075949 - INFO - [PATTERNS] Extracting patterns from packet payloads...
2026-03-19 07:59:49,252 - SignatureGenerator.siggen_20260319_075949 - INFO - [SNORT] Generating Snort signatures...
2026-03-19 07:59:49,254 - SignatureGenerator.siggen_20260319_075949 - INFO - [SNORT] Generated 4 signatures
2026-03-19 07:59:49,255 - SignatureGenerator.siggen_20260319_075949 - INFO - [SURICATA] Generating Suricata signatures...
2026-03-19 07:59:49,261 - SignatureGenerator.siggen_20260319_075949 - INFO - [SURICATA] Generated 4 signatures
2026-03-19 07:59:49,262 - SignatureGenerator.siggen_20260319_075949 - INFO - [YARA] Generating YARA signatures...
2026-03-19 07:59:49,267 - SignatureGenerator.siggen_20260319_075949 - INFO - [YARA] Generated 2 signatures
2026-03-19 07:59:49,268 - SignatureGenerator.siggen_20260319_075949 - INFO - [SIGMA] Generating Sigma signatures...
2026-03-19 07:59:49,299 - SignatureGenerator.siggen_20260319_075949 - INFO - [SIGMA] Generated 1 signatures
2026-03-19 07:59:49,300 - SignatureGenerator.siggen_20260319_075949 - INFO - [JSON] Generating custom JSON signatures...
2026-03-19 07:59:49,305 - SignatureGenerator.siggen_20260319_075949 - INFO - [JSON] Generated custom JSON signature
2026-03-19 07:59:49,307 - SignatureGenerator.siggen_20260319_075949 - INFO - [COMPLETE] Signature generation completed in 0.06s
2026-03-19 07:59:49,311 - SignatureGenerator.siggen_20260319_075949 - INFO -            Patterns extracted: 4
2026-03-19 07:59:49,311 - SignatureGenerator.siggen_20260319_075949 - INFO -            Signatures generated: 12
2026-03-19 07:59:49,312 - SignatureGenerator.siggen_20260319_075949 - INFO -            Formats: snort, suricata, yara, sigma, custom_json
2026-03-19 07:59:49,315 - SignatureGenerator.siggen_20260319_075949 - INFO - [REPORT] JSON report saved to: signatures/custom/report_siggen_20260319_075949.json
2026-03-19 07:59:49,322 - SignatureGenerator.siggen_20260319_075949 - INFO - [CLEAN] Signature generator cleaned up
