2026-03-19 07:46:12,263 - SignatureGenerator.siggen_20260319_074612 - INFO - [TOOL] SignatureGenerator initialized with ID: siggen_20260319_074612
2026-03-19 07:46:12,264 - SignatureGenerator.siggen_20260319_074612 - INFO - [LOAD] Loaded protocol analysis with 3 alerts
2026-03-19 07:46:12,265 - SignatureGenerator.siggen_20260319_074612 - INFO - [LOAD] Loaded exfiltration results with 2 alerts
2026-03-19 07:46:12,266 - SignatureGenerator.siggen_20260319_074612 - INFO - [LOAD] Loaded 346 packets for pattern extraction
2026-03-19 07:46:12,266 - SignatureGenerator.siggen_20260319_074612 - INFO - [GENERATE] Starting signature generation...
2026-03-19 07:46:12,267 - SignatureGenerator.siggen_20260319_074612 - INFO - [PATTERNS] Extracting patterns from alerts...
2026-03-19 07:46:12,268 - SignatureGenerator.siggen_20260319_074612 - INFO - [PATTERNS] Extracting patterns from packet payloads...
2026-03-19 07:46:12,270 - SignatureGenerator.siggen_20260319_074612 - INFO - [SNORT] Generating Snort signatures...
2026-03-19 07:46:12,276 - SignatureGenerator.siggen_20260319_074612 - INFO - [SNORT] Generated 4 signatures
2026-03-19 07:46:12,278 - SignatureGenerator.siggen_20260319_074612 - INFO - [SURICATA] Generating Suricata signatures...
2026-03-19 07:46:12,282 - SignatureGenerator.siggen_20260319_074612 - INFO - [SURICATA] Generated 4 signatures
2026-03-19 07:46:12,289 - SignatureGenerator.siggen_20260319_074612 - INFO - [YARA] Generating YARA signatures...
2026-03-19 07:46:12,293 - SignatureGenerator.siggen_20260319_074612 - INFO - [YARA] Generated 2 signatures
2026-03-19 07:46:12,297 - SignatureGenerator.siggen_20260319_074612 - INFO - [SIGMA] Generating Sigma signatures...
2026-03-19 07:46:12,305 - SignatureGenerator.siggen_20260319_074612 - INFO - [SIGMA] Generated 1 signatures
2026-03-19 07:46:12,308 - SignatureGenerator.siggen_20260319_074612 - INFO - [JSON] Generating custom JSON signatures...
2026-03-19 07:46:12,318 - SignatureGenerator.siggen_20260319_074612 - INFO - [JSON] Generated custom JSON signature
2026-03-19 07:46:12,321 - SignatureGenerator.siggen_20260319_074612 - INFO - [COMPLETE] Signature generation completed in 0.05s
2026-03-19 07:46:12,322 - SignatureGenerator.siggen_20260319_074612 - INFO -            Patterns extracted: 4
2026-03-19 07:46:12,322 - SignatureGenerator.siggen_20260319_074612 - INFO -            Signatures generated: 12
2026-03-19 07:46:12,323 - SignatureGenerator.siggen_20260319_074612 - INFO -            Formats: snort, suricata, yara, sigma, custom_json
2026-03-19 07:46:12,328 - SignatureGenerator.siggen_20260319_074612 - INFO - [REPORT] JSON report saved to: signatures/custom/report_siggen_20260319_074612.json
2026-03-19 07:46:12,331 - SignatureGenerator.siggen_20260319_074612 - INFO - [CLEAN] Signature generator cleaned up
