2026-03-19 10:45:42,541 - SignatureGenerator.siggen_20260319_104542 - INFO - [TOOL] SignatureGenerator initialized with ID: siggen_20260319_104542
2026-03-19 10:45:42,545 - SignatureGenerator.siggen_20260319_104542 - INFO - [LOAD] Loaded protocol analysis with 3 alerts
2026-03-19 10:45:42,545 - SignatureGenerator.siggen_20260319_104542 - INFO - [LOAD] Loaded exfiltration results with 2 alerts
2026-03-19 10:45:42,546 - SignatureGenerator.siggen_20260319_104542 - INFO - [LOAD] Loaded 460 packets for pattern extraction
2026-03-19 10:45:42,547 - SignatureGenerator.siggen_20260319_104542 - INFO - [GENERATE] Starting signature generation...
2026-03-19 10:45:42,552 - SignatureGenerator.siggen_20260319_104542 - INFO - [PATTERNS] Extracting patterns from alerts...
2026-03-19 10:45:42,553 - SignatureGenerator.siggen_20260319_104542 - INFO - [PATTERNS] Extracting patterns from packet payloads...
2026-03-19 10:45:42,558 - SignatureGenerator.siggen_20260319_104542 - INFO - [SNORT] Generating Snort signatures...
2026-03-19 10:45:42,567 - SignatureGenerator.siggen_20260319_104542 - INFO - [SNORT] Generated 2 signatures
2026-03-19 10:45:42,573 - SignatureGenerator.siggen_20260319_104542 - INFO - [SURICATA] Generating Suricata signatures...
2026-03-19 10:45:42,580 - SignatureGenerator.siggen_20260319_104542 - INFO - [SURICATA] Generated 2 signatures
2026-03-19 10:45:42,588 - SignatureGenerator.siggen_20260319_104542 - INFO - [YARA] Generating YARA signatures...
2026-03-19 10:45:42,596 - SignatureGenerator.siggen_20260319_104542 - INFO - [YARA] Generated 2 signatures
2026-03-19 10:45:42,603 - SignatureGenerator.siggen_20260319_104542 - INFO - [SIGMA] Generating Sigma signatures...
2026-03-19 10:45:42,607 - SignatureGenerator.siggen_20260319_104542 - INFO - [SIGMA] Generated 1 signatures
2026-03-19 10:45:42,619 - SignatureGenerator.siggen_20260319_104542 - INFO - [JSON] Generating custom JSON signatures...
2026-03-19 10:45:42,638 - SignatureGenerator.siggen_20260319_104542 - INFO - [JSON] Generated custom JSON signature
2026-03-19 10:45:42,640 - SignatureGenerator.siggen_20260319_104542 - INFO - [COMPLETE] Signature generation completed in 0.09s
2026-03-19 10:45:42,640 - SignatureGenerator.siggen_20260319_104542 - INFO -            Patterns extracted: 2
2026-03-19 10:45:42,643 - SignatureGenerator.siggen_20260319_104542 - INFO -            Signatures generated: 8
2026-03-19 10:45:42,645 - SignatureGenerator.siggen_20260319_104542 - INFO -            Formats: snort, suricata, yara, sigma, custom_json
2026-03-19 10:45:42,652 - SignatureGenerator.siggen_20260319_104542 - INFO - [REPORT] JSON report saved to: signatures/custom/report_siggen_20260319_104542.json
2026-03-19 10:45:42,656 - SignatureGenerator.siggen_20260319_104542 - INFO - [CLEAN] Signature generator cleaned up
