2026-03-19 10:42:19,359 - SignatureGenerator.siggen_20260319_104219 - INFO - [TOOL] SignatureGenerator initialized with ID: siggen_20260319_104219
2026-03-19 10:42:19,361 - SignatureGenerator.siggen_20260319_104219 - INFO - [LOAD] Loaded protocol analysis with 3 alerts
2026-03-19 10:42:19,361 - SignatureGenerator.siggen_20260319_104219 - INFO - [LOAD] Loaded exfiltration results with 2 alerts
2026-03-19 10:42:19,362 - SignatureGenerator.siggen_20260319_104219 - INFO - [LOAD] Loaded 307 packets for pattern extraction
2026-03-19 10:42:19,363 - SignatureGenerator.siggen_20260319_104219 - INFO - [GENERATE] Starting signature generation...
2026-03-19 10:42:19,364 - SignatureGenerator.siggen_20260319_104219 - INFO - [PATTERNS] Extracting patterns from alerts...
2026-03-19 10:42:19,365 - SignatureGenerator.siggen_20260319_104219 - INFO - [PATTERNS] Extracting patterns from packet payloads...
2026-03-19 10:42:19,367 - SignatureGenerator.siggen_20260319_104219 - INFO - [SNORT] Generating Snort signatures...
2026-03-19 10:42:19,371 - SignatureGenerator.siggen_20260319_104219 - INFO - [SURICATA] Generating Suricata signatures...
2026-03-19 10:42:19,373 - SignatureGenerator.siggen_20260319_104219 - INFO - [SURICATA] No signatures generated
2026-03-19 10:42:19,374 - SignatureGenerator.siggen_20260319_104219 - INFO - [YARA] Generating YARA signatures...
2026-03-19 10:42:19,377 - SignatureGenerator.siggen_20260319_104219 - INFO - [YARA] Generated 1 signatures
2026-03-19 10:42:19,379 - SignatureGenerator.siggen_20260319_104219 - INFO - [SIGMA] Generating Sigma signatures...
2026-03-19 10:42:19,380 - SignatureGenerator.siggen_20260319_104219 - INFO - [JSON] Generating custom JSON signatures...
2026-03-19 10:42:19,386 - SignatureGenerator.siggen_20260319_104219 - INFO - [JSON] Generated custom JSON signature
2026-03-19 10:42:19,392 - SignatureGenerator.siggen_20260319_104219 - INFO - [COMPLETE] Signature generation completed in 0.03s
2026-03-19 10:42:19,393 - SignatureGenerator.siggen_20260319_104219 - INFO -            Patterns extracted: 0
2026-03-19 10:42:19,394 - SignatureGenerator.siggen_20260319_104219 - INFO -            Signatures generated: 2
2026-03-19 10:42:19,395 - SignatureGenerator.siggen_20260319_104219 - INFO -            Formats: yara, custom_json
2026-03-19 10:42:19,398 - SignatureGenerator.siggen_20260319_104219 - INFO - [REPORT] JSON report saved to: signatures/custom/report_siggen_20260319_104219.json
2026-03-19 10:42:19,401 - SignatureGenerator.siggen_20260319_104219 - INFO - [CLEAN] Signature generator cleaned up
