2026-03-19 10:18:11,675 - SignatureGenerator.siggen_20260319_101811 - INFO - [TOOL] SignatureGenerator initialized with ID: siggen_20260319_101811
2026-03-19 10:18:11,676 - SignatureGenerator.siggen_20260319_101811 - INFO - [LOAD] Loaded protocol analysis with 3 alerts
2026-03-19 10:18:11,679 - SignatureGenerator.siggen_20260319_101811 - INFO - [LOAD] Loaded exfiltration results with 2 alerts
2026-03-19 10:18:11,680 - SignatureGenerator.siggen_20260319_101811 - INFO - [LOAD] Loaded 414 packets for pattern extraction
2026-03-19 10:18:11,681 - SignatureGenerator.siggen_20260319_101811 - INFO - [GENERATE] Starting signature generation...
2026-03-19 10:18:11,682 - SignatureGenerator.siggen_20260319_101811 - INFO - [PATTERNS] Extracting patterns from alerts...
2026-03-19 10:18:11,682 - SignatureGenerator.siggen_20260319_101811 - INFO - [PATTERNS] Extracting patterns from packet payloads...
2026-03-19 10:18:11,686 - SignatureGenerator.siggen_20260319_101811 - INFO - [SNORT] Generating Snort signatures...
2026-03-19 10:18:11,689 - SignatureGenerator.siggen_20260319_101811 - INFO - [SNORT] Generated 4 signatures
2026-03-19 10:18:11,697 - SignatureGenerator.siggen_20260319_101811 - INFO - [SURICATA] Generating Suricata signatures...
2026-03-19 10:18:11,702 - SignatureGenerator.siggen_20260319_101811 - INFO - [SURICATA] Generated 4 signatures
2026-03-19 10:18:11,704 - SignatureGenerator.siggen_20260319_101811 - INFO - [YARA] Generating YARA signatures...
2026-03-19 10:18:11,710 - SignatureGenerator.siggen_20260319_101811 - INFO - [YARA] Generated 2 signatures
2026-03-19 10:18:11,716 - SignatureGenerator.siggen_20260319_101811 - INFO - [SIGMA] Generating Sigma signatures...
2026-03-19 10:18:11,721 - SignatureGenerator.siggen_20260319_101811 - INFO - [SIGMA] Generated 1 signatures
2026-03-19 10:18:11,728 - SignatureGenerator.siggen_20260319_101811 - INFO - [JSON] Generating custom JSON signatures...
2026-03-19 10:18:11,734 - SignatureGenerator.siggen_20260319_101811 - INFO - [JSON] Generated custom JSON signature
2026-03-19 10:18:11,740 - SignatureGenerator.siggen_20260319_101811 - INFO - [COMPLETE] Signature generation completed in 0.06s
2026-03-19 10:18:11,741 - SignatureGenerator.siggen_20260319_101811 - INFO -            Patterns extracted: 4
2026-03-19 10:18:11,742 - SignatureGenerator.siggen_20260319_101811 - INFO -            Signatures generated: 12
2026-03-19 10:18:11,748 - SignatureGenerator.siggen_20260319_101811 - INFO -            Formats: snort, suricata, yara, sigma, custom_json
2026-03-19 10:18:11,752 - SignatureGenerator.siggen_20260319_101811 - INFO - [REPORT] JSON report saved to: signatures/custom/report_siggen_20260319_101811.json
2026-03-19 10:18:11,755 - SignatureGenerator.siggen_20260319_101811 - INFO - [CLEAN] Signature generator cleaned up
