2026-03-19 10:20:53,977 - SignatureGenerator.siggen_20260319_102053 - INFO - [TOOL] SignatureGenerator initialized with ID: siggen_20260319_102053
2026-03-19 10:20:53,979 - SignatureGenerator.siggen_20260319_102053 - INFO - [LOAD] Loaded protocol analysis with 3 alerts
2026-03-19 10:20:53,980 - SignatureGenerator.siggen_20260319_102053 - INFO - [LOAD] Loaded exfiltration results with 2 alerts
2026-03-19 10:20:53,985 - SignatureGenerator.siggen_20260319_102053 - INFO - [LOAD] Loaded 319 packets for pattern extraction
2026-03-19 10:20:53,986 - SignatureGenerator.siggen_20260319_102053 - INFO - [GENERATE] Starting signature generation...
2026-03-19 10:20:53,987 - SignatureGenerator.siggen_20260319_102053 - INFO - [PATTERNS] Extracting patterns from alerts...
2026-03-19 10:20:53,988 - SignatureGenerator.siggen_20260319_102053 - INFO - [PATTERNS] Extracting patterns from packet payloads...
2026-03-19 10:20:53,990 - SignatureGenerator.siggen_20260319_102053 - INFO - [SNORT] Generating Snort signatures...
2026-03-19 10:20:53,992 - SignatureGenerator.siggen_20260319_102053 - INFO - [SNORT] Generated 4 signatures
2026-03-19 10:20:53,994 - SignatureGenerator.siggen_20260319_102053 - INFO - [SURICATA] Generating Suricata signatures...
2026-03-19 10:20:53,996 - SignatureGenerator.siggen_20260319_102053 - INFO - [SURICATA] Generated 4 signatures
2026-03-19 10:20:54,001 - SignatureGenerator.siggen_20260319_102053 - INFO - [YARA] Generating YARA signatures...
2026-03-19 10:20:54,004 - SignatureGenerator.siggen_20260319_102053 - INFO - [YARA] Generated 2 signatures
2026-03-19 10:20:54,007 - SignatureGenerator.siggen_20260319_102053 - INFO - [SIGMA] Generating Sigma signatures...
2026-03-19 10:20:54,010 - SignatureGenerator.siggen_20260319_102053 - INFO - [SIGMA] Generated 1 signatures
2026-03-19 10:20:54,017 - SignatureGenerator.siggen_20260319_102053 - INFO - [JSON] Generating custom JSON signatures...
2026-03-19 10:20:54,025 - SignatureGenerator.siggen_20260319_102053 - INFO - [JSON] Generated custom JSON signature
2026-03-19 10:20:54,028 - SignatureGenerator.siggen_20260319_102053 - INFO - [COMPLETE] Signature generation completed in 0.04s
2026-03-19 10:20:54,029 - SignatureGenerator.siggen_20260319_102053 - INFO -            Patterns extracted: 4
2026-03-19 10:20:54,030 - SignatureGenerator.siggen_20260319_102053 - INFO -            Signatures generated: 12
2026-03-19 10:20:54,030 - SignatureGenerator.siggen_20260319_102053 - INFO -            Formats: snort, suricata, yara, sigma, custom_json
2026-03-19 10:20:54,038 - SignatureGenerator.siggen_20260319_102053 - INFO - [REPORT] JSON report saved to: signatures/custom/report_siggen_20260319_102053.json
2026-03-19 10:20:54,040 - SignatureGenerator.siggen_20260319_102053 - INFO - [CLEAN] Signature generator cleaned up
