2026-03-19 11:02:12,629 - SignatureGenerator.siggen_20260319_110212 - INFO - [TOOL] SignatureGenerator initialized with ID: siggen_20260319_110212
2026-03-19 11:02:12,630 - SignatureGenerator.siggen_20260319_110212 - INFO - [LOAD] Loaded protocol analysis with 4 alerts
2026-03-19 11:02:12,632 - SignatureGenerator.siggen_20260319_110212 - INFO - [LOAD] Loaded exfiltration results with 2 alerts
2026-03-19 11:02:12,632 - SignatureGenerator.siggen_20260319_110212 - INFO - [LOAD] Loaded 453 packets for pattern extraction
2026-03-19 11:02:12,633 - SignatureGenerator.siggen_20260319_110212 - INFO - [GENERATE] Starting signature generation...
2026-03-19 11:02:12,634 - SignatureGenerator.siggen_20260319_110212 - INFO - [PATTERNS] Extracting patterns from alerts...
2026-03-19 11:02:12,635 - SignatureGenerator.siggen_20260319_110212 - INFO - [PATTERNS] Extracting patterns from packet payloads...
2026-03-19 11:02:12,638 - SignatureGenerator.siggen_20260319_110212 - INFO - [SNORT] Generating Snort signatures...
2026-03-19 11:02:12,641 - SignatureGenerator.siggen_20260319_110212 - INFO - [SNORT] Generated 5 signatures
2026-03-19 11:02:12,642 - SignatureGenerator.siggen_20260319_110212 - INFO - [SURICATA] Generating Suricata signatures...
2026-03-19 11:02:12,645 - SignatureGenerator.siggen_20260319_110212 - INFO - [SURICATA] Generated 5 signatures
2026-03-19 11:02:12,650 - SignatureGenerator.siggen_20260319_110212 - INFO - [YARA] Generating YARA signatures...
2026-03-19 11:02:12,654 - SignatureGenerator.siggen_20260319_110212 - INFO - [YARA] Generated 2 signatures
2026-03-19 11:02:12,667 - SignatureGenerator.siggen_20260319_110212 - INFO - [SIGMA] Generating Sigma signatures...
2026-03-19 11:02:12,672 - SignatureGenerator.siggen_20260319_110212 - INFO - [SIGMA] Generated 1 signatures
2026-03-19 11:02:12,678 - SignatureGenerator.siggen_20260319_110212 - INFO - [JSON] Generating custom JSON signatures...
2026-03-19 11:02:12,685 - SignatureGenerator.siggen_20260319_110212 - INFO - [JSON] Generated custom JSON signature
2026-03-19 11:02:12,712 - SignatureGenerator.siggen_20260319_110212 - INFO - [COMPLETE] Signature generation completed in 0.08s
2026-03-19 11:02:12,720 - SignatureGenerator.siggen_20260319_110212 - INFO -            Patterns extracted: 5
2026-03-19 11:02:12,721 - SignatureGenerator.siggen_20260319_110212 - INFO -            Signatures generated: 14
2026-03-19 11:02:12,725 - SignatureGenerator.siggen_20260319_110212 - INFO -            Formats: snort, suricata, yara, sigma, custom_json
2026-03-19 11:02:12,729 - SignatureGenerator.siggen_20260319_110212 - INFO - [REPORT] JSON report saved to: signatures/custom/report_siggen_20260319_110212.json
2026-03-19 11:02:12,740 - SignatureGenerator.siggen_20260319_110212 - INFO - [CLEAN] Signature generator cleaned up
