2026-03-19 10:46:46,134 - SignatureGenerator.siggen_20260319_104646 - INFO - [TOOL] SignatureGenerator initialized with ID: siggen_20260319_104646
2026-03-19 10:46:46,142 - SignatureGenerator.siggen_20260319_104646 - INFO - [LOAD] Loaded protocol analysis with 3 alerts
2026-03-19 10:46:46,143 - SignatureGenerator.siggen_20260319_104646 - INFO - [LOAD] Loaded exfiltration results with 2 alerts
2026-03-19 10:46:46,144 - SignatureGenerator.siggen_20260319_104646 - INFO - [LOAD] Loaded 231 packets for pattern extraction
2026-03-19 10:46:46,145 - SignatureGenerator.siggen_20260319_104646 - INFO - [GENERATE] Starting signature generation...
2026-03-19 10:46:46,147 - SignatureGenerator.siggen_20260319_104646 - INFO - [PATTERNS] Extracting patterns from alerts...
2026-03-19 10:46:46,148 - SignatureGenerator.siggen_20260319_104646 - INFO - [PATTERNS] Extracting patterns from packet payloads...
2026-03-19 10:46:46,151 - SignatureGenerator.siggen_20260319_104646 - INFO - [SNORT] Generating Snort signatures...
2026-03-19 10:46:46,157 - SignatureGenerator.siggen_20260319_104646 - INFO - [SNORT] Generated 4 signatures
2026-03-19 10:46:46,166 - SignatureGenerator.siggen_20260319_104646 - INFO - [SURICATA] Generating Suricata signatures...
2026-03-19 10:46:46,183 - SignatureGenerator.siggen_20260319_104646 - INFO - [SURICATA] Generated 4 signatures
2026-03-19 10:46:46,191 - SignatureGenerator.siggen_20260319_104646 - INFO - [YARA] Generating YARA signatures...
2026-03-19 10:46:46,200 - SignatureGenerator.siggen_20260319_104646 - INFO - [YARA] Generated 2 signatures
2026-03-19 10:46:46,204 - SignatureGenerator.siggen_20260319_104646 - INFO - [SIGMA] Generating Sigma signatures...
2026-03-19 10:46:46,206 - SignatureGenerator.siggen_20260319_104646 - INFO - [SIGMA] Generated 1 signatures
2026-03-19 10:46:46,209 - SignatureGenerator.siggen_20260319_104646 - INFO - [JSON] Generating custom JSON signatures...
2026-03-19 10:46:46,218 - SignatureGenerator.siggen_20260319_104646 - INFO - [JSON] Generated custom JSON signature
2026-03-19 10:46:46,238 - SignatureGenerator.siggen_20260319_104646 - INFO - [COMPLETE] Signature generation completed in 0.09s
2026-03-19 10:46:46,249 - SignatureGenerator.siggen_20260319_104646 - INFO -            Patterns extracted: 4
2026-03-19 10:46:46,252 - SignatureGenerator.siggen_20260319_104646 - INFO -            Signatures generated: 12
2026-03-19 10:46:46,254 - SignatureGenerator.siggen_20260319_104646 - INFO -            Formats: snort, suricata, yara, sigma, custom_json
2026-03-19 10:46:46,260 - SignatureGenerator.siggen_20260319_104646 - INFO - [REPORT] JSON report saved to: signatures/custom/report_siggen_20260319_104646.json
2026-03-19 10:46:46,272 - SignatureGenerator.siggen_20260319_104646 - INFO - [CLEAN] Signature generator cleaned up
