2026-03-19 17:01:17,500 - SignatureGenerator.siggen_20260319_170117 - INFO - [TOOL] SignatureGenerator initialized with ID: siggen_20260319_170117
2026-03-19 17:01:17,503 - SignatureGenerator.siggen_20260319_170117 - INFO - [LOAD] Loaded protocol analysis with 3 alerts
2026-03-19 17:01:17,504 - SignatureGenerator.siggen_20260319_170117 - INFO - [LOAD] Loaded exfiltration results with 2 alerts
2026-03-19 17:01:17,505 - SignatureGenerator.siggen_20260319_170117 - INFO - [LOAD] Loaded 467 packets for pattern extraction
2026-03-19 17:01:17,506 - SignatureGenerator.siggen_20260319_170117 - INFO - [GENERATE] Starting signature generation...
2026-03-19 17:01:17,507 - SignatureGenerator.siggen_20260319_170117 - INFO - [PATTERNS] Extracting patterns from alerts...
2026-03-19 17:01:17,509 - SignatureGenerator.siggen_20260319_170117 - INFO - [PATTERNS] Extracting patterns from packet payloads...
2026-03-19 17:01:17,512 - SignatureGenerator.siggen_20260319_170117 - INFO - [SNORT] Generating Snort signatures...
2026-03-19 17:01:17,514 - SignatureGenerator.siggen_20260319_170117 - INFO - [SNORT] Generated 5 signatures
2026-03-19 17:01:17,516 - SignatureGenerator.siggen_20260319_170117 - INFO - [SURICATA] Generating Suricata signatures...
2026-03-19 17:01:17,521 - SignatureGenerator.siggen_20260319_170117 - INFO - [SURICATA] Generated 5 signatures
2026-03-19 17:01:17,523 - SignatureGenerator.siggen_20260319_170117 - INFO - [YARA] Generating YARA signatures...
2026-03-19 17:01:17,528 - SignatureGenerator.siggen_20260319_170117 - INFO - [YARA] Generated 2 signatures
2026-03-19 17:01:17,541 - SignatureGenerator.siggen_20260319_170117 - INFO - [SIGMA] Generating Sigma signatures...
2026-03-19 17:01:17,549 - SignatureGenerator.siggen_20260319_170117 - INFO - [SIGMA] Generated 1 signatures
2026-03-19 17:01:17,551 - SignatureGenerator.siggen_20260319_170117 - INFO - [JSON] Generating custom JSON signatures...
2026-03-19 17:01:17,567 - SignatureGenerator.siggen_20260319_170117 - INFO - [JSON] Generated custom JSON signature
2026-03-19 17:01:17,577 - SignatureGenerator.siggen_20260319_170117 - INFO - [COMPLETE] Signature generation completed in 0.07s
2026-03-19 17:01:17,579 - SignatureGenerator.siggen_20260319_170117 - INFO -            Patterns extracted: 5
2026-03-19 17:01:17,580 - SignatureGenerator.siggen_20260319_170117 - INFO -            Signatures generated: 14
2026-03-19 17:01:17,583 - SignatureGenerator.siggen_20260319_170117 - INFO -            Formats: snort, suricata, yara, sigma, custom_json
2026-03-19 17:01:17,600 - SignatureGenerator.siggen_20260319_170117 - INFO - [REPORT] JSON report saved to: signatures/custom/report_siggen_20260319_170117.json
2026-03-19 17:01:17,610 - SignatureGenerator.siggen_20260319_170117 - INFO - [CLEAN] Signature generator cleaned up
