2026-03-19 08:31:32,775 - SignatureGenerator.siggen_20260319_083132 - INFO - [TOOL] SignatureGenerator initialized with ID: siggen_20260319_083132
2026-03-19 08:31:32,777 - SignatureGenerator.siggen_20260319_083132 - INFO - [LOAD] Loaded protocol analysis with 1 alerts
2026-03-19 08:31:32,787 - SignatureGenerator.siggen_20260319_083132 - INFO - [LOAD] Loaded exfiltration results with 2 alerts
2026-03-19 08:31:32,788 - SignatureGenerator.siggen_20260319_083132 - INFO - [LOAD] Loaded 140 packets for pattern extraction
2026-03-19 08:31:32,788 - SignatureGenerator.siggen_20260319_083132 - INFO - [GENERATE] Starting signature generation...
2026-03-19 08:31:32,789 - SignatureGenerator.siggen_20260319_083132 - INFO - [PATTERNS] Extracting patterns from alerts...
2026-03-19 08:31:32,790 - SignatureGenerator.siggen_20260319_083132 - INFO - [PATTERNS] Extracting patterns from packet payloads...
2026-03-19 08:31:32,792 - SignatureGenerator.siggen_20260319_083132 - INFO - [SNORT] Generating Snort signatures...
2026-03-19 08:31:32,793 - SignatureGenerator.siggen_20260319_083132 - INFO - [SURICATA] Generating Suricata signatures...
2026-03-19 08:31:32,797 - SignatureGenerator.siggen_20260319_083132 - INFO - [SURICATA] No signatures generated
2026-03-19 08:31:32,802 - SignatureGenerator.siggen_20260319_083132 - INFO - [YARA] Generating YARA signatures...
2026-03-19 08:31:32,804 - SignatureGenerator.siggen_20260319_083132 - INFO - [YARA] Generated 1 signatures
2026-03-19 08:31:32,806 - SignatureGenerator.siggen_20260319_083132 - INFO - [SIGMA] Generating Sigma signatures...
2026-03-19 08:31:32,808 - SignatureGenerator.siggen_20260319_083132 - INFO - [JSON] Generating custom JSON signatures...
2026-03-19 08:31:32,823 - SignatureGenerator.siggen_20260319_083132 - INFO - [JSON] Generated custom JSON signature
2026-03-19 08:31:32,826 - SignatureGenerator.siggen_20260319_083132 - INFO - [COMPLETE] Signature generation completed in 0.04s
2026-03-19 08:31:32,827 - SignatureGenerator.siggen_20260319_083132 - INFO -            Patterns extracted: 0
2026-03-19 08:31:32,869 - SignatureGenerator.siggen_20260319_083132 - INFO -            Signatures generated: 2
2026-03-19 08:31:32,877 - SignatureGenerator.siggen_20260319_083132 - INFO -            Formats: yara, custom_json
2026-03-19 08:31:32,884 - SignatureGenerator.siggen_20260319_083132 - INFO - [REPORT] JSON report saved to: signatures/custom/report_siggen_20260319_083132.json
2026-03-19 08:31:32,906 - SignatureGenerator.siggen_20260319_083132 - INFO - [CLEAN] Signature generator cleaned up
