2026-03-19 10:25:38,400 - SignatureGenerator.siggen_20260319_102538 - INFO - [TOOL] SignatureGenerator initialized with ID: siggen_20260319_102538
2026-03-19 10:25:38,401 - SignatureGenerator.siggen_20260319_102538 - INFO - [LOAD] Loaded protocol analysis with 4 alerts
2026-03-19 10:25:38,404 - SignatureGenerator.siggen_20260319_102538 - INFO - [LOAD] Loaded exfiltration results with 2 alerts
2026-03-19 10:25:38,407 - SignatureGenerator.siggen_20260319_102538 - INFO - [LOAD] Loaded 621 packets for pattern extraction
2026-03-19 10:25:38,409 - SignatureGenerator.siggen_20260319_102538 - INFO - [GENERATE] Starting signature generation...
2026-03-19 10:25:38,411 - SignatureGenerator.siggen_20260319_102538 - INFO - [PATTERNS] Extracting patterns from alerts...
2026-03-19 10:25:38,412 - SignatureGenerator.siggen_20260319_102538 - INFO - [PATTERNS] Extracting patterns from packet payloads...
2026-03-19 10:25:38,419 - SignatureGenerator.siggen_20260319_102538 - INFO - [SNORT] Generating Snort signatures...
2026-03-19 10:25:38,426 - SignatureGenerator.siggen_20260319_102538 - INFO - [SNORT] Generated 5 signatures
2026-03-19 10:25:38,427 - SignatureGenerator.siggen_20260319_102538 - INFO - [SURICATA] Generating Suricata signatures...
2026-03-19 10:25:38,430 - SignatureGenerator.siggen_20260319_102538 - INFO - [SURICATA] Generated 5 signatures
2026-03-19 10:25:38,433 - SignatureGenerator.siggen_20260319_102538 - INFO - [YARA] Generating YARA signatures...
2026-03-19 10:25:38,437 - SignatureGenerator.siggen_20260319_102538 - INFO - [YARA] Generated 2 signatures
2026-03-19 10:25:38,443 - SignatureGenerator.siggen_20260319_102538 - INFO - [SIGMA] Generating Sigma signatures...
2026-03-19 10:25:38,446 - SignatureGenerator.siggen_20260319_102538 - INFO - [SIGMA] Generated 1 signatures
2026-03-19 10:25:38,448 - SignatureGenerator.siggen_20260319_102538 - INFO - [JSON] Generating custom JSON signatures...
2026-03-19 10:25:38,458 - SignatureGenerator.siggen_20260319_102538 - INFO - [JSON] Generated custom JSON signature
2026-03-19 10:25:38,463 - SignatureGenerator.siggen_20260319_102538 - INFO - [COMPLETE] Signature generation completed in 0.05s
2026-03-19 10:25:38,464 - SignatureGenerator.siggen_20260319_102538 - INFO -            Patterns extracted: 5
2026-03-19 10:25:38,465 - SignatureGenerator.siggen_20260319_102538 - INFO -            Signatures generated: 14
2026-03-19 10:25:38,466 - SignatureGenerator.siggen_20260319_102538 - INFO -            Formats: snort, suricata, yara, sigma, custom_json
2026-03-19 10:25:38,478 - SignatureGenerator.siggen_20260319_102538 - INFO - [REPORT] JSON report saved to: signatures/custom/report_siggen_20260319_102538.json
2026-03-19 10:25:38,483 - SignatureGenerator.siggen_20260319_102538 - INFO - [CLEAN] Signature generator cleaned up
