2026-03-19 10:39:12,543 - SignatureGenerator.siggen_20260319_103912 - INFO - [TOOL] SignatureGenerator initialized with ID: siggen_20260319_103912
2026-03-19 10:39:12,544 - SignatureGenerator.siggen_20260319_103912 - INFO - [LOAD] Loaded protocol analysis with 3 alerts
2026-03-19 10:39:12,549 - SignatureGenerator.siggen_20260319_103912 - INFO - [LOAD] Loaded exfiltration results with 2 alerts
2026-03-19 10:39:12,550 - SignatureGenerator.siggen_20260319_103912 - INFO - [LOAD] Loaded 293 packets for pattern extraction
2026-03-19 10:39:12,551 - SignatureGenerator.siggen_20260319_103912 - INFO - [GENERATE] Starting signature generation...
2026-03-19 10:39:12,571 - SignatureGenerator.siggen_20260319_103912 - INFO - [PATTERNS] Extracting patterns from alerts...
2026-03-19 10:39:12,572 - SignatureGenerator.siggen_20260319_103912 - INFO - [PATTERNS] Extracting patterns from packet payloads...
2026-03-19 10:39:12,576 - SignatureGenerator.siggen_20260319_103912 - INFO - [SNORT] Generating Snort signatures...
2026-03-19 10:39:12,578 - SignatureGenerator.siggen_20260319_103912 - INFO - [SNORT] Generated 2 signatures
2026-03-19 10:39:12,582 - SignatureGenerator.siggen_20260319_103912 - INFO - [SURICATA] Generating Suricata signatures...
2026-03-19 10:39:12,616 - SignatureGenerator.siggen_20260319_103912 - INFO - [SURICATA] Generated 2 signatures
2026-03-19 10:39:12,618 - SignatureGenerator.siggen_20260319_103912 - INFO - [YARA] Generating YARA signatures...
2026-03-19 10:39:12,624 - SignatureGenerator.siggen_20260319_103912 - INFO - [YARA] Generated 2 signatures
2026-03-19 10:39:12,632 - SignatureGenerator.siggen_20260319_103912 - INFO - [SIGMA] Generating Sigma signatures...
2026-03-19 10:39:12,635 - SignatureGenerator.siggen_20260319_103912 - INFO - [SIGMA] Generated 1 signatures
2026-03-19 10:39:12,644 - SignatureGenerator.siggen_20260319_103912 - INFO - [JSON] Generating custom JSON signatures...
2026-03-19 10:39:12,650 - SignatureGenerator.siggen_20260319_103912 - INFO - [JSON] Generated custom JSON signature
2026-03-19 10:39:12,652 - SignatureGenerator.siggen_20260319_103912 - INFO - [COMPLETE] Signature generation completed in 0.08s
2026-03-19 10:39:12,653 - SignatureGenerator.siggen_20260319_103912 - INFO -            Patterns extracted: 2
2026-03-19 10:39:12,655 - SignatureGenerator.siggen_20260319_103912 - INFO -            Signatures generated: 8
2026-03-19 10:39:12,655 - SignatureGenerator.siggen_20260319_103912 - INFO -            Formats: snort, suricata, yara, sigma, custom_json
2026-03-19 10:39:12,663 - SignatureGenerator.siggen_20260319_103912 - INFO - [REPORT] JSON report saved to: signatures/custom/report_siggen_20260319_103912.json
2026-03-19 10:39:12,666 - SignatureGenerator.siggen_20260319_103912 - INFO - [CLEAN] Signature generator cleaned up
